ACTIVITY,,,"Retrieving number of rows"
ACTIVITY,,,"Preparing data"
ACTIVITY,,,Importing
SUCCESS,2,4,
SUCCESS,3,4,
SUCCESS,4,4,
SUCCESS,5,4,
SUCCESS,6,4,
SUCCESS,7,4,
SUCCESS,8,4,
SUCCESS,9,4,
SUCCESS,10,4,
SUCCESS,10,9,
SUCCESS,11,4,
SUCCESS,12,4,
SUCCESS,13,4,
SUCCESS,14,4,
SUCCESS,15,4,
SUCCESS,15,9,
SUCCESS,16,4,
SUCCESS,17,4,
SUCCESS,17,9,
SUCCESS,18,4,
SUCCESS,19,4,
SUCCESS,20,4,
SUCCESS,21,4,
SUCCESS,22,4,
SUCCESS,23,4,
SUCCESS,24,4,
SUCCESS,25,4,
SUCCESS,26,4,
SUCCESS,27,4,
SUCCESS,28,4,
SUCCESS,29,4,
SUCCESS,30,4,
SUCCESS,31,4,
SUCCESS,32,4,
SUCCESS,33,4,
SUCCESS,34,4,
SUCCESS,35,4,
SUCCESS,36,4,
SUCCESS,37,4,
SUCCESS,38,4,
SUCCESS,39,4,
SUCCESS,39,9,
SUCCESS,40,4,
SUCCESS,41,4,
SUCCESS,42,4,
SUCCESS,43,4,
SUCCESS,44,4,
SUCCESS,45,4,
SUCCESS,46,4,
SUCCESS,47,4,
SUCCESS,48,4,
SUCCESS,49,4,
SUCCESS,50,4,
SUCCESS,51,4,
SUCCESS,52,4,
SUCCESS,53,4,
SUCCESS,53,9,
SUCCESS,54,4,
SUCCESS,55,4,
SUCCESS,56,4,
SUCCESS,57,4,
SUCCESS,58,4,
SUCCESS,59,4,
SUCCESS,60,4,
SUCCESS,61,4,
SUCCESS,62,4,
SUCCESS,63,4,
SUCCESS,64,4,
SUCCESS,65,4,
SUCCESS,66,4,
SUCCESS,67,4,
SUCCESS,68,4,
SUCCESS,68,9,
SUCCESS,69,4,
SUCCESS,69,9,
SUCCESS,70,4,
SUCCESS,70,9,
SUCCESS,71,4,
SUCCESS,71,9,
SUCCESS,72,4,
SUCCESS,72,9,
SUCCESS,73,4,
SUCCESS,74,4,
SUCCESS,75,4,
SUCCESS,76,4,
SUCCESS,77,4,
SUCCESS,78,4,
SUCCESS,79,4,
SUCCESS,80,4,
SUCCESS,81,4,
SUCCESS,82,4,
SUCCESS,83,4,
SUCCESS,84,4,
SUCCESS,85,4,
SUCCESS,86,4,
SUCCESS,87,4,
SUCCESS,88,4,
SUCCESS,89,4,
SUCCESS,90,4,
SUCCESS,90,9,
SUCCESS,90,1,
SUCCESS,91,4,
SUCCESS,91,9,
SUCCESS,91,1,
SUCCESS,92,4,
SUCCESS,92,9,
SUCCESS,92,1,
SUCCESS,93,4,
SUCCESS,93,9,
SUCCESS,93,1,
SUCCESS,94,4,
SUCCESS,94,9,
SUCCESS,94,1,
SUCCESS,95,4,
SUCCESS,95,9,
SUCCESS,95,1,
SUCCESS,96,4,
SUCCESS,96,9,
SUCCESS,96,1,
SUCCESS,97,4,
SUCCESS,97,9,
SUCCESS,97,1,
SUCCESS,98,4,
SUCCESS,98,9,
SUCCESS,98,1,
SUCCESS,99,4,
SUCCESS,99,9,
SUCCESS,99,1,
SUCCESS,100,4,
SUCCESS,100,9,
SUCCESS,100,1,
SUCCESS,101,4,
SUCCESS,101,9,
SUCCESS,101,1,
SUCCESS,102,4,
SUCCESS,102,9,
SUCCESS,102,1,
SUCCESS,103,4,
SUCCESS,103,9,
SUCCESS,103,1,
SUCCESS,104,4,
SUCCESS,105,4,
SUCCESS,106,4,
SUCCESS,107,4,
SUCCESS,108,4,
SUCCESS,109,4,
SUCCESS,110,4,
SUCCESS,111,4,
SUCCESS,111,9,
SUCCESS,112,4,
SUCCESS,113,4,
SUCCESS,114,4,
SUCCESS,115,4,
SUCCESS,116,4,
SUCCESS,117,4,
SUCCESS,117,1,
SUCCESS,118,4,
SUCCESS,119,4,
SUCCESS,120,4,
SUCCESS,121,4,
SUCCESS,122,4,
SUCCESS,123,4,
SUCCESS,124,4,
SUCCESS,125,4,
SUCCESS,126,4,
SUCCESS,127,4,
SUCCESS,128,4,
SUCCESS,129,4,
SUCCESS,130,4,
SUCCESS,131,4,
SUCCESS,132,4,
SUCCESS,133,4,
SUCCESS,133,9,
SUCCESS,133,1,
SUCCESS,134,4,
SUCCESS,134,9,
SUCCESS,134,1,
SUCCESS,135,4,
SUCCESS,135,9,
SUCCESS,135,1,
SUCCESS,136,4,
SUCCESS,136,9,
SUCCESS,136,1,
SUCCESS,137,4,
SUCCESS,137,9,
SUCCESS,137,1,
SUCCESS,138,4,
SUCCESS,138,9,
SUCCESS,138,1,
SUCCESS,139,4,
SUCCESS,139,9,
SUCCESS,139,1,
SUCCESS,140,4,
SUCCESS,140,9,
SUCCESS,140,1,
SUCCESS,141,4,
SUCCESS,141,9,
SUCCESS,141,1,
SUCCESS,142,4,
SUCCESS,142,9,
SUCCESS,142,1,
SUCCESS,143,4,
SUCCESS,143,9,
SUCCESS,143,1,
SUCCESS,144,4,
SUCCESS,144,9,
SUCCESS,144,1,
SUCCESS,145,4,
SUCCESS,145,9,
SUCCESS,145,1,
SUCCESS,146,4,
SUCCESS,146,9,
SUCCESS,146,1,
SUCCESS,147,4,
SUCCESS,147,9,
SUCCESS,147,1,
SUCCESS,148,4,
SUCCESS,148,9,
SUCCESS,148,1,
SUCCESS,149,4,
SUCCESS,149,9,
SUCCESS,149,1,
SUCCESS,150,4,
SUCCESS,150,9,
SUCCESS,150,1,
SUCCESS,151,4,
SUCCESS,151,9,
SUCCESS,151,1,
SUCCESS,152,4,
SUCCESS,152,9,
SUCCESS,152,1,
SUCCESS,153,4,
SUCCESS,153,9,
SUCCESS,153,1,
SUCCESS,154,4,
SUCCESS,154,9,
SUCCESS,154,1,
SUCCESS,155,4,
SUCCESS,155,9,
SUCCESS,155,1,
SUCCESS,156,4,
SUCCESS,156,9,
SUCCESS,156,1,
SUCCESS,157,4,
SUCCESS,157,9,
SUCCESS,157,1,
SUCCESS,158,4,
SUCCESS,158,9,
SUCCESS,158,1,
SUCCESS,159,4,
SUCCESS,159,9,
SUCCESS,159,1,
SUCCESS,160,4,
SUCCESS,160,9,
SUCCESS,160,1,
SUCCESS,161,4,
SUCCESS,161,9,
SUCCESS,161,1,
SUCCESS,162,4,
SUCCESS,162,9,
SUCCESS,162,1,
SUCCESS,163,4,
SUCCESS,163,9,
SUCCESS,163,1,
SUCCESS,164,4,
SUCCESS,164,9,
SUCCESS,164,1,
SUCCESS,165,4,
SUCCESS,165,9,
SUCCESS,165,1,
SUCCESS,166,4,
SUCCESS,166,9,
SUCCESS,166,1,
SUCCESS,167,4,
SUCCESS,167,9,
SUCCESS,167,1,
SUCCESS,168,4,
SUCCESS,168,9,
SUCCESS,168,1,
SUCCESS,169,4,
SUCCESS,169,9,
SUCCESS,169,1,
SUCCESS,170,4,
SUCCESS,170,9,
SUCCESS,170,1,
SUCCESS,171,4,
SUCCESS,171,9,
SUCCESS,171,1,
SUCCESS,172,4,
SUCCESS,172,9,
SUCCESS,172,1,
SUCCESS,173,4,
SUCCESS,173,9,
SUCCESS,173,1,
SUCCESS,174,4,
SUCCESS,174,9,
SUCCESS,174,1,
SUCCESS,175,4,
SUCCESS,175,9,
SUCCESS,175,1,
SUCCESS,176,4,
SUCCESS,176,9,
SUCCESS,176,1,
SUCCESS,177,4,
SUCCESS,177,9,
SUCCESS,177,1,
SUCCESS,178,4,
SUCCESS,178,9,
SUCCESS,178,1,
SUCCESS,179,4,
SUCCESS,179,9,
SUCCESS,179,1,
SUCCESS,180,4,
SUCCESS,180,9,
SUCCESS,180,1,
SUCCESS,181,4,
SUCCESS,181,9,
SUCCESS,181,1,
SUCCESS,182,4,
SUCCESS,182,9,
SUCCESS,182,1,
SUCCESS,183,4,
SUCCESS,183,9,
SUCCESS,183,1,
SUCCESS,184,4,
SUCCESS,184,9,
SUCCESS,184,1,
SUCCESS,185,4,
SUCCESS,185,9,
SUCCESS,185,1,
SUCCESS,186,4,
SUCCESS,186,9,
SUCCESS,186,1,
SUCCESS,187,4,
SUCCESS,187,9,
SUCCESS,187,1,
SUCCESS,188,4,
SUCCESS,188,9,
SUCCESS,188,1,
SUCCESS,189,4,
SUCCESS,189,9,
SUCCESS,189,1,
SUCCESS,190,4,
SUCCESS,190,9,
SUCCESS,190,1,
SUCCESS,191,4,
SUCCESS,191,9,
SUCCESS,191,1,
SUCCESS,192,4,
SUCCESS,192,9,
SUCCESS,192,1,
SUCCESS,193,4,
SUCCESS,193,9,
SUCCESS,193,1,
SUCCESS,194,4,
SUCCESS,194,9,
SUCCESS,194,1,
SUCCESS,195,4,
SUCCESS,195,9,
SUCCESS,195,1,
SUCCESS,196,4,
SUCCESS,196,9,
SUCCESS,196,1,
SUCCESS,197,4,
SUCCESS,197,9,
SUCCESS,197,1,
SUCCESS,198,4,
SUCCESS,198,9,
SUCCESS,198,1,
SUCCESS,199,4,
SUCCESS,199,9,
SUCCESS,199,1,
SUCCESS,200,4,
SUCCESS,200,9,
SUCCESS,200,1,
SUCCESS,201,4,
SUCCESS,201,9,
SUCCESS,201,1,
SUCCESS,202,4,
SUCCESS,202,9,
SUCCESS,202,1,
SUCCESS,203,4,
SUCCESS,203,9,
SUCCESS,203,1,
SUCCESS,204,4,
SUCCESS,204,9,
SUCCESS,204,1,
SUCCESS,205,4,
SUCCESS,205,9,
SUCCESS,205,1,
SUCCESS,206,4,
SUCCESS,206,9,
SUCCESS,206,1,
SUCCESS,207,4,
SUCCESS,207,9,
SUCCESS,207,1,
SUCCESS,208,4,
SUCCESS,208,9,
SUCCESS,208,1,
SUCCESS,209,4,
SUCCESS,209,9,
SUCCESS,209,1,
SUCCESS,210,4,
SUCCESS,210,9,
SUCCESS,210,1,
SUCCESS,211,4,
SUCCESS,211,9,
SUCCESS,211,1,
SUCCESS,212,4,
SUCCESS,212,9,
SUCCESS,212,1,
SUCCESS,213,4,
SUCCESS,213,9,
SUCCESS,213,1,
SUCCESS,214,4,
SUCCESS,214,9,
SUCCESS,214,1,
SUCCESS,215,4,
SUCCESS,215,9,
SUCCESS,215,1,
SUCCESS,216,4,
SUCCESS,216,9,
SUCCESS,216,1,
SUCCESS,217,4,
SUCCESS,217,9,
SUCCESS,217,1,
SUCCESS,218,4,
SUCCESS,218,9,
SUCCESS,218,1,
SUCCESS,219,4,
SUCCESS,219,9,
SUCCESS,219,1,
SUCCESS,220,4,
SUCCESS,220,9,
SUCCESS,220,1,
SUCCESS,221,4,
SUCCESS,221,9,
SUCCESS,221,1,
SUCCESS,222,4,
SUCCESS,222,9,
SUCCESS,222,1,
SUCCESS,223,4,
SUCCESS,223,9,
SUCCESS,223,1,
SUCCESS,224,4,
SUCCESS,224,9,
SUCCESS,224,1,
SUCCESS,225,4,
SUCCESS,225,9,
SUCCESS,225,1,
SUCCESS,226,4,
SUCCESS,226,9,
SUCCESS,226,1,
SUCCESS,227,4,
SUCCESS,227,9,
SUCCESS,227,1,
SUCCESS,228,4,
SUCCESS,228,9,
SUCCESS,228,1,
SUCCESS,229,4,
SUCCESS,229,9,
SUCCESS,229,1,
SUCCESS,230,4,
SUCCESS,230,9,
SUCCESS,230,1,
SUCCESS,231,4,
SUCCESS,231,9,
SUCCESS,231,1,
SUCCESS,232,4,
SUCCESS,232,9,
SUCCESS,232,1,
SUCCESS,233,4,
SUCCESS,233,9,
SUCCESS,233,1,
SUCCESS,234,4,
SUCCESS,234,9,
SUCCESS,234,1,
SUCCESS,235,4,
SUCCESS,235,9,
SUCCESS,235,1,
SUCCESS,236,4,
SUCCESS,236,9,
SUCCESS,236,1,
SUCCESS,237,4,
SUCCESS,237,9,
SUCCESS,237,1,
SUCCESS,238,4,
SUCCESS,238,9,
SUCCESS,238,1,
SUCCESS,239,4,
SUCCESS,239,9,
SUCCESS,239,1,
SUCCESS,240,4,
SUCCESS,240,9,
SUCCESS,240,1,
SUCCESS,241,4,
SUCCESS,241,9,
SUCCESS,241,1,
SUCCESS,242,4,
SUCCESS,242,9,
SUCCESS,242,1,
SUCCESS,243,4,
SUCCESS,243,9,
SUCCESS,243,1,
SUCCESS,244,4,
SUCCESS,244,9,
SUCCESS,244,1,
SUCCESS,245,4,
SUCCESS,245,9,
SUCCESS,245,1,
SUCCESS,246,4,
SUCCESS,246,9,
SUCCESS,246,1,
SUCCESS,247,4,
SUCCESS,247,9,
SUCCESS,247,1,
SUCCESS,248,4,
SUCCESS,248,9,
SUCCESS,248,1,
SUCCESS,249,4,
SUCCESS,249,9,
SUCCESS,249,1,
SUCCESS,250,4,
SUCCESS,250,9,
SUCCESS,250,1,
SUCCESS,251,4,
SUCCESS,251,9,
SUCCESS,251,1,
SUCCESS,252,4,
SUCCESS,252,9,
SUCCESS,252,1,
SUCCESS,253,4,
SUCCESS,253,9,
SUCCESS,253,1,
SUCCESS,254,4,
SUCCESS,254,9,
SUCCESS,254,1,
SUCCESS,255,4,
SUCCESS,255,9,
SUCCESS,255,1,
SUCCESS,256,4,
SUCCESS,256,9,
SUCCESS,256,1,
SUCCESS,257,4,
SUCCESS,257,9,
SUCCESS,257,1,
SUCCESS,258,4,
SUCCESS,258,9,
SUCCESS,258,1,
SUCCESS,259,4,
SUCCESS,259,9,
SUCCESS,259,1,
SUCCESS,260,4,
SUCCESS,260,9,
SUCCESS,260,1,
SUCCESS,261,4,
SUCCESS,261,9,
SUCCESS,261,1,
SUCCESS,262,4,
SUCCESS,262,9,
SUCCESS,262,1,
SUCCESS,263,4,
SUCCESS,263,9,
SUCCESS,263,1,
SUCCESS,264,4,
SUCCESS,264,9,
SUCCESS,264,1,
SUCCESS,265,4,
SUCCESS,265,9,
SUCCESS,265,1,
SUCCESS,266,4,
SUCCESS,266,9,
SUCCESS,266,1,
SUCCESS,267,4,
SUCCESS,267,9,
SUCCESS,267,1,
SUCCESS,268,4,
SUCCESS,268,9,
SUCCESS,268,1,
SUCCESS,269,4,
SUCCESS,269,9,
SUCCESS,269,1,
SUCCESS,270,4,
SUCCESS,270,9,
SUCCESS,270,1,
SUCCESS,271,4,
SUCCESS,271,9,
SUCCESS,271,1,
SUCCESS,272,4,
SUCCESS,272,9,
SUCCESS,272,1,
SUCCESS,273,4,
SUCCESS,273,9,
SUCCESS,273,1,
SUCCESS,274,4,
SUCCESS,274,9,
SUCCESS,274,1,
SUCCESS,275,4,
SUCCESS,275,9,
SUCCESS,275,1,
SUCCESS,276,4,
SUCCESS,276,9,
SUCCESS,276,1,
SUCCESS,277,4,
SUCCESS,277,9,
SUCCESS,277,1,
SUCCESS,278,4,
SUCCESS,278,9,
SUCCESS,278,1,
SUCCESS,279,4,
SUCCESS,279,9,
SUCCESS,279,1,
SUCCESS,280,4,
SUCCESS,280,9,
SUCCESS,280,1,
SUCCESS,281,4,
SUCCESS,281,9,
SUCCESS,281,1,
SUCCESS,282,4,
SUCCESS,282,9,
SUCCESS,282,1,
SUCCESS,283,4,
SUCCESS,283,9,
SUCCESS,283,1,
SUCCESS,284,4,
SUCCESS,284,9,
SUCCESS,284,1,
SUCCESS,285,4,
SUCCESS,285,9,
SUCCESS,285,1,
SUCCESS,286,4,
SUCCESS,286,9,
SUCCESS,286,1,
SUCCESS,287,4,
SUCCESS,287,9,
SUCCESS,287,1,
SUCCESS,288,4,
SUCCESS,288,9,
SUCCESS,288,1,
SUCCESS,289,4,
SUCCESS,289,9,
SUCCESS,289,1,
SUCCESS,290,4,
SUCCESS,291,4,
SUCCESS,292,4,
SUCCESS,292,9,
SUCCESS,292,1,
SUCCESS,293,4,
SUCCESS,293,9,
SUCCESS,293,1,
SUCCESS,294,4,
SUCCESS,294,9,
SUCCESS,294,1,
SUCCESS,295,4,
SUCCESS,295,9,
SUCCESS,295,1,
SUCCESS,296,4,
SUCCESS,296,9,
SUCCESS,296,1,
SUCCESS,297,4,
SUCCESS,297,9,
SUCCESS,297,1,
SUCCESS,298,4,
SUCCESS,298,9,
SUCCESS,298,1,
SUCCESS,299,4,
SUCCESS,299,9,
SUCCESS,299,1,
SUCCESS,300,4,
SUCCESS,300,9,
SUCCESS,300,1,
SUCCESS,301,4,
SUCCESS,301,9,
SUCCESS,301,1,
SUCCESS,302,4,
SUCCESS,302,9,
SUCCESS,302,1,
SUCCESS,303,4,
SUCCESS,303,9,
SUCCESS,303,1,
SUCCESS,304,4,
SUCCESS,304,9,
SUCCESS,304,1,
SUCCESS,305,4,
SUCCESS,305,9,
SUCCESS,305,1,
SUCCESS,306,4,
SUCCESS,306,9,
SUCCESS,306,1,
SUCCESS,307,4,
SUCCESS,307,9,
SUCCESS,307,1,
SUCCESS,308,4,
SUCCESS,308,9,
SUCCESS,308,1,
SUCCESS,309,4,
SUCCESS,310,4,
SUCCESS,310,9,
SUCCESS,310,1,
SUCCESS,311,4,
SUCCESS,311,9,
SUCCESS,311,1,
SUCCESS,312,4,
SUCCESS,312,9,
SUCCESS,312,1,
SUCCESS,313,4,
SUCCESS,313,9,
SUCCESS,313,1,
SUCCESS,314,4,
SUCCESS,314,9,
SUCCESS,314,1,
SUCCESS,315,4,
SUCCESS,315,9,
SUCCESS,315,1,
SUCCESS,316,4,
SUCCESS,316,9,
SUCCESS,316,1,
SUCCESS,317,4,
SUCCESS,317,9,
SUCCESS,317,1,
SUCCESS,318,4,
SUCCESS,319,4,
SUCCESS,319,9,
SUCCESS,319,1,
SUCCESS,320,4,
SUCCESS,320,9,
SUCCESS,320,1,
SUCCESS,321,4,
SUCCESS,322,4,
SUCCESS,323,4,
SUCCESS,323,9,
SUCCESS,323,1,
SUCCESS,324,4,
SUCCESS,324,9,
SUCCESS,324,1,
SUCCESS,325,4,
SUCCESS,325,9,
SUCCESS,325,1,
SUCCESS,326,4,
SUCCESS,327,4,
SUCCESS,327,9,
SUCCESS,327,1,
SUCCESS,328,4,
SUCCESS,328,9,
SUCCESS,328,1,
SUCCESS,329,4,
SUCCESS,329,9,
SUCCESS,329,1,
SUCCESS,330,4,
SUCCESS,330,9,
SUCCESS,330,1,
SUCCESS,331,4,
SUCCESS,331,9,
SUCCESS,331,1,
SUCCESS,332,4,
SUCCESS,332,9,
SUCCESS,332,1,
SUCCESS,333,4,
SUCCESS,333,9,
SUCCESS,333,1,
SUCCESS,334,4,
SUCCESS,334,9,
SUCCESS,334,1,
SUCCESS,335,4,
SUCCESS,335,9,
SUCCESS,335,1,
SUCCESS,336,4,
SUCCESS,336,9,
SUCCESS,336,1,
SUCCESS,337,4,
SUCCESS,337,9,
SUCCESS,337,1,
SUCCESS,338,4,
SUCCESS,338,9,
SUCCESS,338,1,
SUCCESS,339,4,
SUCCESS,339,9,
SUCCESS,339,1,
SUCCESS,340,4,
SUCCESS,340,9,
SUCCESS,340,1,
SUCCESS,341,4,
SUCCESS,341,9,
SUCCESS,341,1,
SUCCESS,342,4,
SUCCESS,342,9,
SUCCESS,342,1,
SUCCESS,343,4,
SUCCESS,343,9,
SUCCESS,343,1,
SUCCESS,344,4,
SUCCESS,344,9,
SUCCESS,344,1,
SUCCESS,345,4,
SUCCESS,345,9,
SUCCESS,345,1,
SUCCESS,346,4,
SUCCESS,346,9,
SUCCESS,346,1,
SUCCESS,347,4,
SUCCESS,347,9,
SUCCESS,347,1,
SUCCESS,348,4,
SUCCESS,348,9,
SUCCESS,348,1,
SUCCESS,349,4,
SUCCESS,349,9,
SUCCESS,349,1,
SUCCESS,350,4,
SUCCESS,350,9,
SUCCESS,350,1,
SUCCESS,351,4,
SUCCESS,351,9,
SUCCESS,351,1,
SUCCESS,352,4,
SUCCESS,352,9,
SUCCESS,352,1,
SUCCESS,353,4,
SUCCESS,353,9,
SUCCESS,353,1,
SUCCESS,354,4,
SUCCESS,354,9,
SUCCESS,354,1,
SUCCESS,355,4,
SUCCESS,355,9,
SUCCESS,355,1,
SUCCESS,356,4,
SUCCESS,356,9,
SUCCESS,356,1,
SUCCESS,357,4,
SUCCESS,357,9,
SUCCESS,357,1,
SUCCESS,358,4,
SUCCESS,358,9,
SUCCESS,358,1,
SUCCESS,359,4,
SUCCESS,359,9,
SUCCESS,359,1,
SUCCESS,360,4,
SUCCESS,360,9,
SUCCESS,360,1,
SUCCESS,361,4,
SUCCESS,361,9,
SUCCESS,361,1,
SUCCESS,362,4,
SUCCESS,362,9,
SUCCESS,362,1,
SUCCESS,363,4,
SUCCESS,363,9,
SUCCESS,363,1,
SUCCESS,364,4,
SUCCESS,364,9,
SUCCESS,364,1,
SUCCESS,365,4,
SUCCESS,365,9,
SUCCESS,365,1,
SUCCESS,366,4,
SUCCESS,366,9,
SUCCESS,366,1,
SUCCESS,367,4,
SUCCESS,367,9,
SUCCESS,367,1,
SUCCESS,368,4,
SUCCESS,368,9,
SUCCESS,368,1,
SUCCESS,369,4,
SUCCESS,369,9,
SUCCESS,369,1,
SUCCESS,370,4,
SUCCESS,370,9,
SUCCESS,370,1,
SUCCESS,371,4,
SUCCESS,371,9,
SUCCESS,371,1,
SUCCESS,372,4,
SUCCESS,372,9,
SUCCESS,372,1,
SUCCESS,373,4,
SUCCESS,373,9,
SUCCESS,373,1,
SUCCESS,374,4,
SUCCESS,374,9,
SUCCESS,374,1,
SUCCESS,375,4,
SUCCESS,375,9,
SUCCESS,375,1,
SUCCESS,376,4,
SUCCESS,376,9,
SUCCESS,376,1,
SUCCESS,377,4,
SUCCESS,377,9,
SUCCESS,377,1,
SUCCESS,378,4,
SUCCESS,378,9,
SUCCESS,378,1,
SUCCESS,379,4,
SUCCESS,379,9,
SUCCESS,379,1,
SUCCESS,380,4,
SUCCESS,380,9,
SUCCESS,380,1,
SUCCESS,381,4,
SUCCESS,381,9,
SUCCESS,381,1,
SUCCESS,382,4,
SUCCESS,382,9,
SUCCESS,382,1,
SUCCESS,383,4,
SUCCESS,383,9,
SUCCESS,383,1,
SUCCESS,384,4,
SUCCESS,384,9,
SUCCESS,384,1,
SUCCESS,385,4,
SUCCESS,385,9,
SUCCESS,385,1,
SUCCESS,386,4,
SUCCESS,386,9,
SUCCESS,386,1,
SUCCESS,387,4,
SUCCESS,387,9,
SUCCESS,387,1,
SUCCESS,388,4,
SUCCESS,388,9,
SUCCESS,388,1,
SUCCESS,389,4,
SUCCESS,389,9,
SUCCESS,389,1,
SUCCESS,390,4,
SUCCESS,390,9,
SUCCESS,390,1,
SUCCESS,391,4,
SUCCESS,391,9,
SUCCESS,391,1,
SUCCESS,392,4,
SUCCESS,392,9,
SUCCESS,392,1,
SUCCESS,393,4,
SUCCESS,393,9,
SUCCESS,393,1,
SUCCESS,394,4,
SUCCESS,394,9,
SUCCESS,394,1,
SUCCESS,395,4,
SUCCESS,395,9,
SUCCESS,395,1,
SUCCESS,396,4,
SUCCESS,396,9,
SUCCESS,396,1,
SUCCESS,397,4,
SUCCESS,397,9,
SUCCESS,397,1,
SUCCESS,398,4,
SUCCESS,398,9,
SUCCESS,398,1,
SUCCESS,399,4,
SUCCESS,399,9,
SUCCESS,399,1,
SUCCESS,400,4,
SUCCESS,400,9,
SUCCESS,400,1,
SUCCESS,401,4,
SUCCESS,401,9,
SUCCESS,401,1,
SUCCESS,402,4,
SUCCESS,402,9,
SUCCESS,402,1,
SUCCESS,403,4,
SUCCESS,403,9,
SUCCESS,403,1,
SUCCESS,404,4,
SUCCESS,404,9,
SUCCESS,404,1,
SUCCESS,405,4,
SUCCESS,405,9,
SUCCESS,405,1,
SUCCESS,406,4,
SUCCESS,406,9,
SUCCESS,406,1,
SUCCESS,407,4,
SUCCESS,407,9,
SUCCESS,407,1,
SUCCESS,408,4,
SUCCESS,408,9,
SUCCESS,408,1,
SUCCESS,409,4,
SUCCESS,409,9,
SUCCESS,409,1,
SUCCESS,410,4,
SUCCESS,410,9,
SUCCESS,410,1,
SUCCESS,411,4,
SUCCESS,411,9,
SUCCESS,411,1,
SUCCESS,412,4,
SUCCESS,412,9,
SUCCESS,412,1,
SUCCESS,413,4,
SUCCESS,413,9,
SUCCESS,413,1,
SUCCESS,414,4,
SUCCESS,414,9,
SUCCESS,414,1,
SUCCESS,415,4,
SUCCESS,415,9,
SUCCESS,415,1,
SUCCESS,416,4,
SUCCESS,416,9,
SUCCESS,416,1,
SUCCESS,417,4,
SUCCESS,417,9,
SUCCESS,417,1,
SUCCESS,418,4,
SUCCESS,418,9,
SUCCESS,418,1,
SUCCESS,419,4,
SUCCESS,419,9,
SUCCESS,419,1,
SUCCESS,420,4,
SUCCESS,420,9,
SUCCESS,420,1,
SUCCESS,421,4,
SUCCESS,421,9,
SUCCESS,421,1,
SUCCESS,422,4,
SUCCESS,422,9,
SUCCESS,422,1,
SUCCESS,423,4,
SUCCESS,423,9,
SUCCESS,423,1,
SUCCESS,424,4,
SUCCESS,424,9,
SUCCESS,424,1,
SUCCESS,425,4,
SUCCESS,425,9,
SUCCESS,425,1,
SUCCESS,426,4,
SUCCESS,426,9,
SUCCESS,426,1,
SUCCESS,427,4,
SUCCESS,427,9,
SUCCESS,427,1,
SUCCESS,428,4,
SUCCESS,428,9,
SUCCESS,428,1,
SUCCESS,429,4,
SUCCESS,429,9,
SUCCESS,429,1,
SUCCESS,430,4,
SUCCESS,430,9,
SUCCESS,430,1,
SUCCESS,431,4,
SUCCESS,431,9,
SUCCESS,431,1,
SUCCESS,432,4,
SUCCESS,432,9,
SUCCESS,432,1,
SUCCESS,433,4,
SUCCESS,433,9,
SUCCESS,433,1,
SUCCESS,434,4,
SUCCESS,434,9,
SUCCESS,434,1,
SUCCESS,435,4,
SUCCESS,435,9,
SUCCESS,435,1,
SUCCESS,436,4,
SUCCESS,436,9,
SUCCESS,436,1,
SUCCESS,437,4,
SUCCESS,437,9,
SUCCESS,437,1,
SUCCESS,438,4,
SUCCESS,438,9,
SUCCESS,438,1,
SUCCESS,439,4,
SUCCESS,439,9,
SUCCESS,439,1,
SUCCESS,440,4,
SUCCESS,440,9,
SUCCESS,440,1,
SUCCESS,441,4,
SUCCESS,441,9,
SUCCESS,441,1,
SUCCESS,442,4,
SUCCESS,442,9,
SUCCESS,442,1,
SUCCESS,443,4,
SUCCESS,443,9,
SUCCESS,443,1,
SUCCESS,444,4,
SUCCESS,444,9,
SUCCESS,444,1,
SUCCESS,445,4,
SUCCESS,445,9,
SUCCESS,445,1,
SUCCESS,446,4,
SUCCESS,446,9,
SUCCESS,446,1,
SUCCESS,447,4,
SUCCESS,447,9,
SUCCESS,447,1,
SUCCESS,448,4,
SUCCESS,448,9,
SUCCESS,448,1,
SUCCESS,449,4,
SUCCESS,449,9,
SUCCESS,449,1,
SUCCESS,450,4,
SUCCESS,450,9,
SUCCESS,450,1,
SUCCESS,451,4,
SUCCESS,451,9,
SUCCESS,451,1,
SUCCESS,452,4,
SUCCESS,452,9,
SUCCESS,452,1,
SUCCESS,453,4,
SUCCESS,453,9,
SUCCESS,453,1,
SUCCESS,454,4,
SUCCESS,454,9,
SUCCESS,454,1,
SUCCESS,455,4,
SUCCESS,455,9,
SUCCESS,455,1,
SUCCESS,456,4,
SUCCESS,456,9,
SUCCESS,456,1,
SUCCESS,457,4,
SUCCESS,457,9,
SUCCESS,457,1,
SUCCESS,458,4,
SUCCESS,458,9,
SUCCESS,458,1,
SUCCESS,459,4,
SUCCESS,459,9,
SUCCESS,459,1,
SUCCESS,460,4,
SUCCESS,460,9,
SUCCESS,460,1,
SUCCESS,461,4,
SUCCESS,461,9,
SUCCESS,461,1,
SUCCESS,462,4,
SUCCESS,462,9,
SUCCESS,462,1,
SUCCESS,463,4,
SUCCESS,463,9,
SUCCESS,463,1,
SUCCESS,464,4,
SUCCESS,464,9,
SUCCESS,464,1,
SUCCESS,465,4,
SUCCESS,465,9,
SUCCESS,465,1,
SUCCESS,466,4,
SUCCESS,466,9,
SUCCESS,466,1,
SUCCESS,467,4,
SUCCESS,467,9,
SUCCESS,467,1,
SUCCESS,468,4,
SUCCESS,468,9,
SUCCESS,468,1,
SUCCESS,469,4,
SUCCESS,469,9,
SUCCESS,469,1,
SUCCESS,470,4,
SUCCESS,470,9,
SUCCESS,470,1,
SUCCESS,471,4,
SUCCESS,471,9,
SUCCESS,471,1,
SUCCESS,472,4,
SUCCESS,472,9,
SUCCESS,472,1,
SUCCESS,473,4,
SUCCESS,473,9,
SUCCESS,473,1,
SUCCESS,474,4,
SUCCESS,474,9,
SUCCESS,474,1,
SUCCESS,475,4,
SUCCESS,475,9,
SUCCESS,475,1,
SUCCESS,476,4,
SUCCESS,476,9,
SUCCESS,476,1,
SUCCESS,477,4,
SUCCESS,477,9,
SUCCESS,477,1,
SUCCESS,478,4,
SUCCESS,478,9,
SUCCESS,478,1,
SUCCESS,479,4,
SUCCESS,479,9,
SUCCESS,479,1,
SUCCESS,480,4,
SUCCESS,480,9,
SUCCESS,480,1,
SUCCESS,481,4,
SUCCESS,481,9,
SUCCESS,481,1,
SUCCESS,482,4,
SUCCESS,482,9,
SUCCESS,482,1,
SUCCESS,483,4,
SUCCESS,483,9,
SUCCESS,483,1,
SUCCESS,484,4,
SUCCESS,484,9,
SUCCESS,484,1,
SUCCESS,485,4,
SUCCESS,485,9,
SUCCESS,485,1,
SUCCESS,486,4,
SUCCESS,486,9,
SUCCESS,486,1,
SUCCESS,487,4,
SUCCESS,487,9,
SUCCESS,487,1,
SUCCESS,488,4,
SUCCESS,488,9,
SUCCESS,488,1,
SUCCESS,489,4,
SUCCESS,489,9,
SUCCESS,489,1,
SUCCESS,490,4,
SUCCESS,490,9,
SUCCESS,490,1,
SUCCESS,491,4,
SUCCESS,491,9,
SUCCESS,491,1,
SUCCESS,492,4,
SUCCESS,493,4,
SUCCESS,494,4,
SUCCESS,495,4,
SUCCESS,496,4,
SUCCESS,497,4,
SUCCESS,498,4,
SUCCESS,499,4,
SUCCESS,499,9,
SUCCESS,500,4,
SUCCESS,500,9,
SUCCESS,501,4,
SUCCESS,502,4,
SUCCESS,503,4,
SUCCESS,504,4,
SUCCESS,505,4,
SUCCESS,506,4,
SUCCESS,507,4,
SUCCESS,508,4,
SUCCESS,509,4,
SUCCESS,510,4,
SUCCESS,511,4,
SUCCESS,512,4,
SUCCESS,513,4,
SUCCESS,514,4,
SUCCESS,515,4,
SUCCESS,515,9,
SUCCESS,515,1,
SUCCESS,516,4,
SUCCESS,516,9,
SUCCESS,516,1,
SUCCESS,517,4,
SUCCESS,517,9,
SUCCESS,517,1,
SUCCESS,518,4,
SUCCESS,518,9,
SUCCESS,518,1,
SUCCESS,519,4,
SUCCESS,519,9,
SUCCESS,519,1,
SUCCESS,520,4,
SUCCESS,520,9,
SUCCESS,520,1,
SUCCESS,521,4,
SUCCESS,521,9,
SUCCESS,521,1,
SUCCESS,522,4,
SUCCESS,522,9,
SUCCESS,522,1,
SUCCESS,523,4,
SUCCESS,523,9,
SUCCESS,523,1,
SUCCESS,524,4,
SUCCESS,524,9,
SUCCESS,524,1,
SUCCESS,525,4,
SUCCESS,525,9,
SUCCESS,525,1,
SUCCESS,526,4,
SUCCESS,526,9,
SUCCESS,526,1,
SUCCESS,527,4,
SUCCESS,527,9,
SUCCESS,527,1,
SUCCESS,528,4,
SUCCESS,528,9,
SUCCESS,528,1,
SUCCESS,529,4,
SUCCESS,529,9,
SUCCESS,529,1,
SUCCESS,530,4,
SUCCESS,530,9,
SUCCESS,530,1,
SUCCESS,531,4,
SUCCESS,531,9,
SUCCESS,531,1,
SUCCESS,532,4,
SUCCESS,532,9,
SUCCESS,532,1,
SUCCESS,533,4,
SUCCESS,533,9,
SUCCESS,533,1,
SUCCESS,534,4,
SUCCESS,534,9,
SUCCESS,534,1,
SUCCESS,535,4,
SUCCESS,535,9,
SUCCESS,535,1,
SUCCESS,536,4,
SUCCESS,536,9,
SUCCESS,536,1,
SUCCESS,537,4,
SUCCESS,537,9,
SUCCESS,537,1,
SUCCESS,538,4,
SUCCESS,538,9,
SUCCESS,538,1,
SUCCESS,539,4,
SUCCESS,539,9,
SUCCESS,539,1,
SUCCESS,540,4,
SUCCESS,540,9,
SUCCESS,540,1,
SUCCESS,541,4,
SUCCESS,541,9,
SUCCESS,541,1,
SUCCESS,542,4,
SUCCESS,542,9,
SUCCESS,542,1,
SUCCESS,543,4,
SUCCESS,543,9,
SUCCESS,543,1,
SUCCESS,544,4,
SUCCESS,544,9,
SUCCESS,544,1,
SUCCESS,545,4,
SUCCESS,545,9,
SUCCESS,545,1,
SUCCESS,546,4,
SUCCESS,546,9,
SUCCESS,546,1,
SUCCESS,547,4,
SUCCESS,547,9,
SUCCESS,547,1,
SUCCESS,548,4,
SUCCESS,548,9,
SUCCESS,548,1,
SUCCESS,549,4,
SUCCESS,549,9,
SUCCESS,549,1,
SUCCESS,550,4,
SUCCESS,550,9,
SUCCESS,550,1,
SUCCESS,551,4,
SUCCESS,551,9,
SUCCESS,551,1,
SUCCESS,552,4,
SUCCESS,552,9,
SUCCESS,552,1,
SUCCESS,553,4,
SUCCESS,553,9,
SUCCESS,553,1,
SUCCESS,554,4,
SUCCESS,554,9,
SUCCESS,554,1,
SUCCESS,555,4,
SUCCESS,555,9,
SUCCESS,555,1,
SUCCESS,556,4,
SUCCESS,556,9,
SUCCESS,556,1,
SUCCESS,557,4,
SUCCESS,557,9,
SUCCESS,557,1,
SUCCESS,558,4,
SUCCESS,558,9,
SUCCESS,558,1,
SUCCESS,559,4,
SUCCESS,559,9,
SUCCESS,559,1,
SUCCESS,560,4,
SUCCESS,560,9,
SUCCESS,560,1,
SUCCESS,561,4,
SUCCESS,561,9,
SUCCESS,561,1,
SUCCESS,562,4,
SUCCESS,562,9,
SUCCESS,562,1,
SUCCESS,563,4,
SUCCESS,563,9,
SUCCESS,563,1,
SUCCESS,564,4,
SUCCESS,564,9,
SUCCESS,564,1,
SUCCESS,565,4,
SUCCESS,565,9,
SUCCESS,565,1,
SUCCESS,566,4,
SUCCESS,566,9,
SUCCESS,566,1,
SUCCESS,567,4,
SUCCESS,568,4,
SUCCESS,569,4,
SUCCESS,570,4,
SUCCESS,571,4,
SUCCESS,572,4,
SUCCESS,573,4,
SUCCESS,574,4,
SUCCESS,575,4,
SUCCESS,576,4,
SUCCESS,577,4,
SUCCESS,578,4,
SUCCESS,579,4,
SUCCESS,580,4,
SUCCESS,581,4,
SUCCESS,582,4,
SUCCESS,583,4,
SUCCESS,584,4,
SUCCESS,585,4,
SUCCESS,586,4,
SUCCESS,587,4,
SUCCESS,587,9,
SUCCESS,587,1,
SUCCESS,588,4,
SUCCESS,588,9,
SUCCESS,588,1,
SUCCESS,589,4,
SUCCESS,589,9,
SUCCESS,589,1,
SUCCESS,590,4,
SUCCESS,590,9,
SUCCESS,590,1,
SUCCESS,591,4,
SUCCESS,591,9,
SUCCESS,591,1,
SUCCESS,592,4,
SUCCESS,592,9,
SUCCESS,592,1,
SUCCESS,593,4,
SUCCESS,593,9,
SUCCESS,593,1,
SUCCESS,594,4,
SUCCESS,594,9,
SUCCESS,594,1,
SUCCESS,595,4,
SUCCESS,595,9,
SUCCESS,595,1,
SUCCESS,596,4,
SUCCESS,597,4,
SUCCESS,598,4,
SUCCESS,599,4,
SUCCESS,599,9,
SUCCESS,600,4,
SUCCESS,600,9,
SUCCESS,601,4,
SUCCESS,601,9,
SUCCESS,602,4,
SUCCESS,602,9,
SUCCESS,603,4,
SUCCESS,603,9,
SUCCESS,604,4,
SUCCESS,604,9,
SUCCESS,605,4,
SUCCESS,606,4,
SUCCESS,606,9,
SUCCESS,607,4,
SUCCESS,607,9,
SUCCESS,608,4,
SUCCESS,608,9,
SUCCESS,609,4,
SUCCESS,609,9,
SUCCESS,610,4,
SUCCESS,610,9,
SUCCESS,611,4,
SUCCESS,611,9,
SUCCESS,612,4,
SUCCESS,612,9,
SUCCESS,613,4,
SUCCESS,613,9,
SUCCESS,614,4,
SUCCESS,614,9,
SUCCESS,615,4,
SUCCESS,616,4,
SUCCESS,617,4,
SUCCESS,617,9,
SUCCESS,618,4,
SUCCESS,618,9,
SUCCESS,619,4,
SUCCESS,619,9,
SUCCESS,620,4,
SUCCESS,620,9,
SUCCESS,621,4,
SUCCESS,621,9,
SUCCESS,622,4,
SUCCESS,622,9,
SUCCESS,623,4,
SUCCESS,623,9,
SUCCESS,624,4,
SUCCESS,624,9,
SUCCESS,625,4,
SUCCESS,625,9,
SUCCESS,626,4,
SUCCESS,626,9,
SUCCESS,627,4,
SUCCESS,627,9,
SUCCESS,628,4,
SUCCESS,629,4,
SUCCESS,630,4,
SUCCESS,631,4,
SUCCESS,631,9,
SUCCESS,632,4,
SUCCESS,632,9,
SUCCESS,633,4,
SUCCESS,633,9,
SUCCESS,634,4,
SUCCESS,634,9,
SUCCESS,635,4,
SUCCESS,635,9,
SUCCESS,636,4,
SUCCESS,636,9,
SUCCESS,637,4,
SUCCESS,637,9,
SUCCESS,638,4,
SUCCESS,638,9,
SUCCESS,639,4,
SUCCESS,639,9,
SUCCESS,640,4,
SUCCESS,640,9,
SUCCESS,641,4,
SUCCESS,641,9,
SUCCESS,642,4,
SUCCESS,642,9,
SUCCESS,643,4,
SUCCESS,643,9,
SUCCESS,644,4,
SUCCESS,644,9,
SUCCESS,645,4,
SUCCESS,645,9,
SUCCESS,646,4,
SUCCESS,647,4,
SUCCESS,647,9,
SUCCESS,648,4,
SUCCESS,648,9,
SUCCESS,649,4,
SUCCESS,649,9,
SUCCESS,650,4,
SUCCESS,650,9,
SUCCESS,651,4,
SUCCESS,651,9,
SUCCESS,652,4,
SUCCESS,652,9,
SUCCESS,653,4,
SUCCESS,653,9,
SUCCESS,654,4,
SUCCESS,654,9,
SUCCESS,655,4,
SUCCESS,655,9,
SUCCESS,656,4,
SUCCESS,656,9,
SUCCESS,657,4,
SUCCESS,657,9,
SUCCESS,658,4,
SUCCESS,658,9,
SUCCESS,659,4,
SUCCESS,660,4,
SUCCESS,660,9,
SUCCESS,661,4,
SUCCESS,661,9,
SUCCESS,662,4,
SUCCESS,662,9,
SUCCESS,663,4,
SUCCESS,663,9,
SUCCESS,664,4,
SUCCESS,664,9,
SUCCESS,665,4,
SUCCESS,665,9,
SUCCESS,666,4,
SUCCESS,666,9,
SUCCESS,667,4,
SUCCESS,667,9,
SUCCESS,668,4,
SUCCESS,668,9,
SUCCESS,669,4,
SUCCESS,669,9,
SUCCESS,670,4,
SUCCESS,670,9,
SUCCESS,671,4,
SUCCESS,671,9,
SUCCESS,672,4,
SUCCESS,672,9,
SUCCESS,673,4,
SUCCESS,673,9,
SUCCESS,674,4,
SUCCESS,674,9,
SUCCESS,675,4,
SUCCESS,675,9,
SUCCESS,676,4,
SUCCESS,676,9,
SUCCESS,677,4,
SUCCESS,677,9,
SUCCESS,678,4,
SUCCESS,678,9,
SUCCESS,679,4,
SUCCESS,679,9,
SUCCESS,680,4,
SUCCESS,680,9,
SUCCESS,681,4,
SUCCESS,681,9,
SUCCESS,682,4,
SUCCESS,682,9,
SUCCESS,683,4,
SUCCESS,683,9,
SUCCESS,684,4,
SUCCESS,684,9,
SUCCESS,685,4,
SUCCESS,685,9,
SUCCESS,686,4,
SUCCESS,686,9,
SUCCESS,687,4,
SUCCESS,687,9,
SUCCESS,688,4,
SUCCESS,688,9,
SUCCESS,689,4,
SUCCESS,689,9,
SUCCESS,690,4,
SUCCESS,690,9,
SUCCESS,691,4,
SUCCESS,691,9,
SUCCESS,692,4,
SUCCESS,692,9,
SUCCESS,693,4,
SUCCESS,693,9,
SUCCESS,694,4,
SUCCESS,694,9,
SUCCESS,695,4,
SUCCESS,695,9,
SUCCESS,696,4,
SUCCESS,696,9,
SUCCESS,697,4,
SUCCESS,697,9,
SUCCESS,698,4,
SUCCESS,698,9,
SUCCESS,699,4,
SUCCESS,699,9,
SUCCESS,700,4,
SUCCESS,700,9,
SUCCESS,701,4,
SUCCESS,701,9,
SUCCESS,702,4,
SUCCESS,703,4,
SUCCESS,704,4,
SUCCESS,704,9,
SUCCESS,705,4,
SUCCESS,705,9,
SUCCESS,706,4,
SUCCESS,707,4,
SUCCESS,707,9,
SUCCESS,708,4,
SUCCESS,708,9,
SUCCESS,709,4,
SUCCESS,709,9,
SUCCESS,710,4,
SUCCESS,710,9,
SUCCESS,711,4,
SUCCESS,711,9,
SUCCESS,712,4,
SUCCESS,712,9,
SUCCESS,713,4,
SUCCESS,713,9,
SUCCESS,714,4,
SUCCESS,714,9,
SUCCESS,715,4,
SUCCESS,715,9,
SUCCESS,716,4,
SUCCESS,716,9,
SUCCESS,717,4,
SUCCESS,717,9,
SUCCESS,718,4,
SUCCESS,718,9,
SUCCESS,719,4,
SUCCESS,719,9,
SUCCESS,720,4,
SUCCESS,720,9,
SUCCESS,721,4,
SUCCESS,721,9,
SUCCESS,722,4,
SUCCESS,722,9,
SUCCESS,723,4,
SUCCESS,724,4,
SUCCESS,724,9,
SUCCESS,725,4,
SUCCESS,726,4,
SUCCESS,726,9,
SUCCESS,727,4,
SUCCESS,727,9,
SUCCESS,727,1,
SUCCESS,728,4,
SUCCESS,728,9,
SUCCESS,728,1,
SUCCESS,729,4,
SUCCESS,729,9,
SUCCESS,729,1,
SUCCESS,730,4,
SUCCESS,730,9,
SUCCESS,730,1,
SUCCESS,731,4,
SUCCESS,731,9,
SUCCESS,731,1,
SUCCESS,732,4,
SUCCESS,732,9,
SUCCESS,732,1,
SUCCESS,733,4,
SUCCESS,733,9,
SUCCESS,733,1,
SUCCESS,734,4,
SUCCESS,734,9,
SUCCESS,734,1,
SUCCESS,735,4,
SUCCESS,735,1,
SUCCESS,736,4,
SUCCESS,736,9,
SUCCESS,737,4,
SUCCESS,737,9,
SUCCESS,738,4,
SUCCESS,738,9,
SUCCESS,739,4,
SUCCESS,739,9,
SUCCESS,740,4,
SUCCESS,740,9,
SUCCESS,741,4,
SUCCESS,741,9,
SUCCESS,742,4,
SUCCESS,742,9,
SUCCESS,743,4,
SUCCESS,743,9,
SUCCESS,744,4,
SUCCESS,744,9,
SUCCESS,745,4,
SUCCESS,745,9,
SUCCESS,746,4,
SUCCESS,746,9,
SUCCESS,747,4,
SUCCESS,748,4,
SUCCESS,748,9,
SUCCESS,749,4,
SUCCESS,749,9,
SUCCESS,750,4,
SUCCESS,750,9,
SUCCESS,751,4,
SUCCESS,751,9,
SUCCESS,752,4,
SUCCESS,752,9,
SUCCESS,753,4,
SUCCESS,753,9,
SUCCESS,754,4,
SUCCESS,754,9,
SUCCESS,755,4,
SUCCESS,755,9,
SUCCESS,756,4,
SUCCESS,756,9,
SUCCESS,757,4,
SUCCESS,757,9,
SUCCESS,758,4,
SUCCESS,758,9,
SUCCESS,759,4,
SUCCESS,759,9,
SUCCESS,760,4,
SUCCESS,760,9,
SUCCESS,761,4,
SUCCESS,762,4,
SUCCESS,762,9,
SUCCESS,763,4,
SUCCESS,763,9,
SUCCESS,764,4,
SUCCESS,764,9,
SUCCESS,765,4,
SUCCESS,766,4,
SUCCESS,766,9,
SUCCESS,767,4,
SUCCESS,767,9,
SUCCESS,768,4,
SUCCESS,768,9,
SUCCESS,769,4,
SUCCESS,769,9,
SUCCESS,770,4,
SUCCESS,770,9,
SUCCESS,771,4,
SUCCESS,771,9,
SUCCESS,772,4,
SUCCESS,772,9,
SUCCESS,773,4,
SUCCESS,773,9,
SUCCESS,774,4,
SUCCESS,774,9,
SUCCESS,775,4,
SUCCESS,775,9,
SUCCESS,776,4,
SUCCESS,776,9,
SUCCESS,777,4,
SUCCESS,777,9,
SUCCESS,778,4,
SUCCESS,779,4,
SUCCESS,780,4,
SUCCESS,781,4,
SUCCESS,782,4,
SUCCESS,782,9,
SUCCESS,783,4,
SUCCESS,783,9,
SUCCESS,784,4,
SUCCESS,784,9,
SUCCESS,785,4,
SUCCESS,785,9,
SUCCESS,786,4,
SUCCESS,786,9,
SUCCESS,787,4,
SUCCESS,787,9,
SUCCESS,788,4,
SUCCESS,788,9,
SUCCESS,789,4,
SUCCESS,789,9,
SUCCESS,790,4,
SUCCESS,790,9,
SUCCESS,791,4,
SUCCESS,791,9,
SUCCESS,792,4,
SUCCESS,792,9,
SUCCESS,793,4,
SUCCESS,793,9,
SUCCESS,794,4,
SUCCESS,795,4,
SUCCESS,795,9,
SUCCESS,796,4,
SUCCESS,797,4,
SUCCESS,798,4,
SUCCESS,798,9,
SUCCESS,799,4,
SUCCESS,799,9,
SUCCESS,800,4,
SUCCESS,801,4,
SUCCESS,802,4,
SUCCESS,803,4,
SUCCESS,804,4,
SUCCESS,805,4,
SUCCESS,806,4,
SUCCESS,807,4,
SUCCESS,807,9,
SUCCESS,808,4,
SUCCESS,808,9,
SUCCESS,809,4,
SUCCESS,809,9,
SUCCESS,810,4,
SUCCESS,810,9,
SUCCESS,811,4,
SUCCESS,811,9,
SUCCESS,812,4,
SUCCESS,812,9,
SUCCESS,813,4,
SUCCESS,813,9,
SUCCESS,814,4,
SUCCESS,814,9,
SUCCESS,815,4,
SUCCESS,815,9,
SUCCESS,816,4,
SUCCESS,816,9,
SUCCESS,817,4,
SUCCESS,817,9,
SUCCESS,818,4,
SUCCESS,818,9,
SUCCESS,819,4,
SUCCESS,819,9,
SUCCESS,820,4,
SUCCESS,820,9,
SUCCESS,821,4,
SUCCESS,821,9,
SUCCESS,822,4,
SUCCESS,822,9,
SUCCESS,823,4,
SUCCESS,823,9,
SUCCESS,824,4,
SUCCESS,825,4,
SUCCESS,825,9,
SUCCESS,826,4,
SUCCESS,826,9,
SUCCESS,827,4,
SUCCESS,827,9,
SUCCESS,828,4,
SUCCESS,828,9,
SUCCESS,829,4,
SUCCESS,829,9,
SUCCESS,830,4,
SUCCESS,830,9,
SUCCESS,831,4,
SUCCESS,831,9,
SUCCESS,832,4,
SUCCESS,832,9,
SUCCESS,833,4,
SUCCESS,833,9,
SUCCESS,834,4,
SUCCESS,834,9,
SUCCESS,835,4,
SUCCESS,835,9,
SUCCESS,836,4,
SUCCESS,836,9,
SUCCESS,837,4,
SUCCESS,837,9,
SUCCESS,838,4,
SUCCESS,838,9,
SUCCESS,839,4,
SUCCESS,840,4,
SUCCESS,840,9,
SUCCESS,841,4,
SUCCESS,841,9,
SUCCESS,842,4,
SUCCESS,842,9,
SUCCESS,843,4,
SUCCESS,843,9,
SUCCESS,844,4,
SUCCESS,844,9,
SUCCESS,845,4,
SUCCESS,845,9,
SUCCESS,846,4,
SUCCESS,846,9,
SUCCESS,847,4,
SUCCESS,847,9,
SUCCESS,848,4,
SUCCESS,848,9,
SUCCESS,849,4,
SUCCESS,849,9,
SUCCESS,850,4,
SUCCESS,850,9,
SUCCESS,851,4,
SUCCESS,851,9,
SUCCESS,852,4,
SUCCESS,853,4,
SUCCESS,853,9,
SUCCESS,854,4,
SUCCESS,855,4,
SUCCESS,856,4,
SUCCESS,857,4,
SUCCESS,857,9,
SUCCESS,858,4,
SUCCESS,858,9,
SUCCESS,859,4,
SUCCESS,859,9,
SUCCESS,860,4,
SUCCESS,860,9,
SUCCESS,861,4,
SUCCESS,861,9,
SUCCESS,862,4,
SUCCESS,862,9,
SUCCESS,863,4,
SUCCESS,863,9,
SUCCESS,864,4,
SUCCESS,864,9,
SUCCESS,865,4,
SUCCESS,865,9,
SUCCESS,866,4,
SUCCESS,866,9,
SUCCESS,867,4,
SUCCESS,867,9,
SUCCESS,868,4,
SUCCESS,868,9,
SUCCESS,869,4,
SUCCESS,869,9,
SUCCESS,870,4,
SUCCESS,870,9,
SUCCESS,871,4,
SUCCESS,871,9,
SUCCESS,872,4,
SUCCESS,872,9,
SUCCESS,873,4,
SUCCESS,874,4,
SUCCESS,875,4,
SUCCESS,875,9,
SUCCESS,876,4,
SUCCESS,876,9,
SUCCESS,877,4,
SUCCESS,877,9,
SUCCESS,878,4,
SUCCESS,878,9,
SUCCESS,879,4,
SUCCESS,879,9,
SUCCESS,880,4,
SUCCESS,880,9,
SUCCESS,881,4,
SUCCESS,881,9,
SUCCESS,882,4,
SUCCESS,882,9,
SUCCESS,883,4,
SUCCESS,883,9,
SUCCESS,884,4,
SUCCESS,884,9,
SUCCESS,885,4,
SUCCESS,885,9,
SUCCESS,886,4,
SUCCESS,886,9,
SUCCESS,887,4,
SUCCESS,887,9,
SUCCESS,888,4,
SUCCESS,889,4,
SUCCESS,890,4,
SUCCESS,890,9,
SUCCESS,891,4,
SUCCESS,892,4,
SUCCESS,893,4,
SUCCESS,893,9,
SUCCESS,894,4,
SUCCESS,895,4,
SUCCESS,896,4,
SUCCESS,896,1,
SUCCESS,897,4,
SUCCESS,897,1,
SUCCESS,898,4,
SUCCESS,898,1,
SUCCESS,899,4,
SUCCESS,899,1,
SUCCESS,900,4,
SUCCESS,900,1,
SUCCESS,901,4,
SUCCESS,901,1,
SUCCESS,902,4,
SUCCESS,902,1,
SUCCESS,903,4,
SUCCESS,903,1,
SUCCESS,904,4,
SUCCESS,904,1,
SUCCESS,905,4,
SUCCESS,905,1,
SUCCESS,906,4,
SUCCESS,906,1,
SUCCESS,907,4,
SUCCESS,907,1,
SUCCESS,908,4,
SUCCESS,908,1,
SUCCESS,909,4,
SUCCESS,909,1,
SUCCESS,910,4,
SUCCESS,910,1,
SUCCESS,911,4,
SUCCESS,911,1,
SUCCESS,912,4,
SUCCESS,912,1,
SUCCESS,913,4,
SUCCESS,913,1,
SUCCESS,914,4,
SUCCESS,914,1,
SUCCESS,915,4,
SUCCESS,915,1,
SUCCESS,916,4,
SUCCESS,916,1,
SUCCESS,917,4,
SUCCESS,917,1,
SUCCESS,918,4,
SUCCESS,918,1,
SUCCESS,919,4,
SUCCESS,919,1,
SUCCESS,920,4,
SUCCESS,920,1,
SUCCESS,921,4,
SUCCESS,921,1,
SUCCESS,922,4,
SUCCESS,922,1,
SUCCESS,923,4,
SUCCESS,923,1,
SUCCESS,924,4,
SUCCESS,924,1,
SUCCESS,925,4,
SUCCESS,925,1,
SUCCESS,926,4,
SUCCESS,926,1,
SUCCESS,927,4,
SUCCESS,927,1,
SUCCESS,928,4,
SUCCESS,928,1,
SUCCESS,929,4,
SUCCESS,929,1,
SUCCESS,930,4,
SUCCESS,930,1,
SUCCESS,931,4,
SUCCESS,931,1,
SUCCESS,932,4,
SUCCESS,932,1,
SUCCESS,933,4,
SUCCESS,933,1,
SUCCESS,934,4,
SUCCESS,934,1,
SUCCESS,935,4,
SUCCESS,935,1,
SUCCESS,936,4,
SUCCESS,936,1,
SUCCESS,937,4,
SUCCESS,937,1,
SUCCESS,938,4,
SUCCESS,938,1,
SUCCESS,939,4,
SUCCESS,939,1,
SUCCESS,940,4,
SUCCESS,940,1,
SUCCESS,941,4,
SUCCESS,941,1,
SUCCESS,942,4,
SUCCESS,942,1,
SUCCESS,943,4,
SUCCESS,943,1,
SUCCESS,944,4,
SUCCESS,944,1,
SUCCESS,945,4,
SUCCESS,945,1,
SUCCESS,946,4,
SUCCESS,946,1,
SUCCESS,947,4,
SUCCESS,947,1,
SUCCESS,948,4,
SUCCESS,948,1,
SUCCESS,949,4,
SUCCESS,949,1,
SUCCESS,950,4,
SUCCESS,950,1,
SUCCESS,951,4,
SUCCESS,951,1,
SUCCESS,952,4,
SUCCESS,952,1,
SUCCESS,953,4,
SUCCESS,953,1,
SUCCESS,954,4,
SUCCESS,954,1,
SUCCESS,955,4,
SUCCESS,955,1,
SUCCESS,956,4,
SUCCESS,956,1,
SUCCESS,957,4,
SUCCESS,957,1,
SUCCESS,958,4,
SUCCESS,958,1,
SUCCESS,959,4,
SUCCESS,959,1,
SUCCESS,960,4,
SUCCESS,960,1,
SUCCESS,961,4,
SUCCESS,961,1,
SUCCESS,962,4,
SUCCESS,962,1,
SUCCESS,963,4,
SUCCESS,963,1,
SUCCESS,964,4,
SUCCESS,964,1,
SUCCESS,965,4,
SUCCESS,965,1,
SUCCESS,966,4,
SUCCESS,966,1,
SUCCESS,967,4,
SUCCESS,967,1,
SUCCESS,968,4,
SUCCESS,968,1,
SUCCESS,969,4,
SUCCESS,969,1,
SUCCESS,970,4,
SUCCESS,970,1,
SUCCESS,971,4,
SUCCESS,971,1,
SUCCESS,972,4,
SUCCESS,972,1,
SUCCESS,973,4,
SUCCESS,973,1,
SUCCESS,974,4,
SUCCESS,974,1,
SUCCESS,975,4,
SUCCESS,975,1,
SUCCESS,976,4,
SUCCESS,976,1,
SUCCESS,977,4,
SUCCESS,977,1,
SUCCESS,978,4,
SUCCESS,978,1,
SUCCESS,979,4,
SUCCESS,979,1,
SUCCESS,980,4,
SUCCESS,980,1,
SUCCESS,981,4,
SUCCESS,981,1,
SUCCESS,982,4,
SUCCESS,982,1,
SUCCESS,983,4,
SUCCESS,983,1,
SUCCESS,984,4,
SUCCESS,984,1,
SUCCESS,985,4,
SUCCESS,985,1,
SUCCESS,986,4,
SUCCESS,986,1,
SUCCESS,987,4,
SUCCESS,987,1,
SUCCESS,988,4,
SUCCESS,988,1,
SUCCESS,989,4,
SUCCESS,989,1,
SUCCESS,990,4,
SUCCESS,990,1,
SUCCESS,991,4,
SUCCESS,991,1,
SUCCESS,992,4,
SUCCESS,992,1,
SUCCESS,993,4,
SUCCESS,993,1,
SUCCESS,994,4,
SUCCESS,994,1,
SUCCESS,995,4,
SUCCESS,995,1,
SUCCESS,996,4,
SUCCESS,996,1,
SUCCESS,997,4,
SUCCESS,997,1,
SUCCESS,998,4,
SUCCESS,998,1,
SUCCESS,999,4,
SUCCESS,999,1,
SUCCESS,1000,4,
SUCCESS,1000,1,
SUCCESS,1001,4,
SUCCESS,1001,1,
SUCCESS,1002,4,
SUCCESS,1002,1,
SUCCESS,1003,4,
SUCCESS,1003,1,
SUCCESS,1004,4,
SUCCESS,1004,1,
SUCCESS,1005,4,
SUCCESS,1005,1,
SUCCESS,1006,4,
SUCCESS,1006,1,
SUCCESS,1007,4,
SUCCESS,1007,1,
SUCCESS,1008,4,
SUCCESS,1008,1,
SUCCESS,1009,4,
SUCCESS,1009,1,
SUCCESS,1010,4,
SUCCESS,1010,1,
SUCCESS,1011,4,
SUCCESS,1011,1,
SUCCESS,1012,4,
SUCCESS,1012,1,
SUCCESS,1013,4,
SUCCESS,1013,1,
SUCCESS,1014,4,
SUCCESS,1014,1,
SUCCESS,1015,4,
SUCCESS,1015,1,
SUCCESS,1016,4,
SUCCESS,1016,1,
SUCCESS,1017,4,
SUCCESS,1017,1,
SUCCESS,1018,4,
SUCCESS,1018,1,
SUCCESS,1019,4,
SUCCESS,1019,1,
SUCCESS,1020,4,
SUCCESS,1020,1,
SUCCESS,1021,4,
SUCCESS,1021,1,
SUCCESS,1022,4,
SUCCESS,1022,1,
SUCCESS,1023,4,
SUCCESS,1023,1,
SUCCESS,1024,4,
SUCCESS,1024,1,
SUCCESS,1025,4,
SUCCESS,1025,1,
SUCCESS,1026,4,
SUCCESS,1026,1,
SUCCESS,1027,4,
SUCCESS,1027,1,
SUCCESS,1028,4,
SUCCESS,1028,1,
SUCCESS,1029,4,
SUCCESS,1029,1,
SUCCESS,1030,4,
SUCCESS,1030,1,
SUCCESS,1031,4,
SUCCESS,1031,1,
SUCCESS,1032,4,
SUCCESS,1032,1,
SUCCESS,1033,4,
SUCCESS,1033,1,
SUCCESS,1034,4,
SUCCESS,1034,1,
SUCCESS,1035,4,
SUCCESS,1035,1,
SUCCESS,1036,4,
SUCCESS,1036,1,
SUCCESS,1037,4,
SUCCESS,1037,1,
SUCCESS,1038,4,
SUCCESS,1038,1,
SUCCESS,1039,4,
SUCCESS,1039,1,
SUCCESS,1040,4,
SUCCESS,1040,1,
SUCCESS,1041,4,
SUCCESS,1041,1,
SUCCESS,1042,4,
SUCCESS,1042,1,
SUCCESS,1043,4,
SUCCESS,1043,9,
SUCCESS,1044,4,
SUCCESS,1045,4,
SUCCESS,1046,4,
SUCCESS,1047,4,
SUCCESS,1047,9,
SUCCESS,1048,4,
SUCCESS,1048,9,
SUCCESS,1049,4,
SUCCESS,1049,9,
SUCCESS,1050,4,
SUCCESS,1050,9,
SUCCESS,1051,4,
SUCCESS,1051,9,
SUCCESS,1052,4,
SUCCESS,1052,9,
SUCCESS,1053,4,
SUCCESS,1053,9,
SUCCESS,1054,4,
SUCCESS,1054,9,
SUCCESS,1055,4,
SUCCESS,1055,9,
SUCCESS,1056,4,
SUCCESS,1056,9,
SUCCESS,1057,4,
SUCCESS,1057,9,
SUCCESS,1058,4,
SUCCESS,1059,4,
SUCCESS,1060,4,
SUCCESS,1061,4,
SUCCESS,1062,4,
SUCCESS,1062,9,
SUCCESS,1063,4,
SUCCESS,1064,4,
SUCCESS,1065,4,
SUCCESS,1066,4,
SUCCESS,1067,4,
SUCCESS,1068,4,
SUCCESS,1068,9,
SUCCESS,1069,4,
SUCCESS,1070,4,
SUCCESS,1071,4,
SUCCESS,1072,4,
SUCCESS,1072,9,
SUCCESS,1072,1,
SUCCESS,1073,4,
SUCCESS,1073,9,
SUCCESS,1073,1,
SUCCESS,1074,4,
SUCCESS,1074,9,
SUCCESS,1074,1,
SUCCESS,1075,4,
SUCCESS,1075,9,
SUCCESS,1075,1,
SUCCESS,1076,4,
SUCCESS,1076,9,
SUCCESS,1076,1,
SUCCESS,1077,4,
SUCCESS,1077,9,
SUCCESS,1077,1,
SUCCESS,1078,4,
SUCCESS,1078,9,
SUCCESS,1079,4,
SUCCESS,1080,4,
SUCCESS,1081,4,
SUCCESS,1081,9,
SUCCESS,1082,4,
SUCCESS,1082,9,
SUCCESS,1083,4,
SUCCESS,1083,9,
SUCCESS,1084,4,
SUCCESS,1084,9,
SUCCESS,1085,4,
SUCCESS,1085,9,
SUCCESS,1086,4,
SUCCESS,1086,9,
SUCCESS,1087,4,
SUCCESS,1087,9,
SUCCESS,1088,4,
SUCCESS,1088,9,
SUCCESS,1089,4,
SUCCESS,1089,9,
SUCCESS,1090,4,
SUCCESS,1090,9,
SUCCESS,1091,4,
SUCCESS,1091,9,
SUCCESS,1092,4,
SUCCESS,1092,9,
SUCCESS,1093,4,
SUCCESS,1093,9,
SUCCESS,1094,4,
SUCCESS,1095,4,
SUCCESS,1096,4,
SUCCESS,1097,4,
SUCCESS,1098,4,
SUCCESS,1098,9,
SUCCESS,1099,4,
SUCCESS,1099,9,
SUCCESS,1100,4,
SUCCESS,1101,4,
SUCCESS,1102,4,
SUCCESS,1103,4,
SUCCESS,1104,4,
SUCCESS,1105,4,
SUCCESS,1106,4,
SUCCESS,1107,4,
SUCCESS,1108,4,
SUCCESS,1108,9,
SUCCESS,1109,4,
SUCCESS,1110,4,
SUCCESS,1111,4,
SUCCESS,1112,4,
SUCCESS,1113,4,
SUCCESS,1114,4,
SUCCESS,1115,4,
SUCCESS,1116,4,
SUCCESS,1116,9,
SUCCESS,1117,4,
SUCCESS,1117,9,
SUCCESS,1118,4,
SUCCESS,1118,9,
SUCCESS,1119,4,
SUCCESS,1119,9,
SUCCESS,1120,4,
SUCCESS,1120,9,
SUCCESS,1121,4,
SUCCESS,1121,9,
SUCCESS,1122,4,
SUCCESS,1122,9,
SUCCESS,1123,4,
SUCCESS,1123,9,
SUCCESS,1124,4,
SUCCESS,1124,9,
SUCCESS,1125,4,
SUCCESS,1125,9,
SUCCESS,1126,4,
SUCCESS,1127,4,
SUCCESS,1128,4,
SUCCESS,1129,4,
SUCCESS,1129,9,
SUCCESS,1130,4,
SUCCESS,1131,4,
SUCCESS,1132,4,
SUCCESS,1133,4,
SUCCESS,1134,4,
SUCCESS,1135,4,
SUCCESS,1136,4,
SUCCESS,1137,4,
SUCCESS,1137,9,
SUCCESS,1138,4,
SUCCESS,1139,4,
SUCCESS,1139,9,
SUCCESS,1140,4,
SUCCESS,1140,9,
SUCCESS,1141,4,
SUCCESS,1141,9,
SUCCESS,1142,4,
SUCCESS,1142,9,
SUCCESS,1143,4,
SUCCESS,1143,9,
SUCCESS,1144,4,
SUCCESS,1144,9,
SUCCESS,1145,4,
SUCCESS,1145,9,
SUCCESS,1146,4,
SUCCESS,1146,9,
SUCCESS,1147,4,
SUCCESS,1147,9,
SUCCESS,1148,4,
SUCCESS,1149,4,
SUCCESS,1150,4,
SUCCESS,1151,4,
SUCCESS,1152,4,
SUCCESS,1153,4,
SUCCESS,1154,4,
SUCCESS,1154,9,
SUCCESS,1155,4,
SUCCESS,1156,4,
SUCCESS,1157,4,
SUCCESS,1158,4,
SUCCESS,1159,4,
SUCCESS,1160,4,
SUCCESS,1161,4,
SUCCESS,1162,4,
SUCCESS,1163,4,
SUCCESS,1163,9,
SUCCESS,1164,4,
SUCCESS,1165,4,
SUCCESS,1166,4,
SUCCESS,1167,4,
SUCCESS,1167,9,
SUCCESS,1168,4,
SUCCESS,1169,4,
SUCCESS,1169,9,
SUCCESS,1170,4,
SUCCESS,1170,9,
SUCCESS,1171,4,
SUCCESS,1171,9,
SUCCESS,1172,4,
SUCCESS,1172,9,
SUCCESS,1173,4,
SUCCESS,1173,9,
SUCCESS,1174,4,
SUCCESS,1174,9,
SUCCESS,1175,4,
SUCCESS,1175,9,
SUCCESS,1176,4,
SUCCESS,1176,9,
SUCCESS,1177,4,
SUCCESS,1178,4,
SUCCESS,1179,4,
SUCCESS,1180,4,
SUCCESS,1181,4,
SUCCESS,1181,9,
SUCCESS,1182,4,
SUCCESS,1183,4,
SUCCESS,1183,9,
SUCCESS,1184,4,
SUCCESS,1185,4,
SUCCESS,1186,4,
SUCCESS,1186,6,
SUCCESS,1186,7,
SUCCESS,1186,9,
SUCCESS,1187,4,
SUCCESS,1188,4,
SUCCESS,1188,9,
SUCCESS,1189,4,
SUCCESS,1190,4,
SUCCESS,1190,9,
SUCCESS,1191,4,
SUCCESS,1191,9,
SUCCESS,1192,4,
SUCCESS,1192,9,
SUCCESS,1193,4,
SUCCESS,1193,9,
SUCCESS,1194,4,
SUCCESS,1194,9,
SUCCESS,1195,4,
SUCCESS,1195,9,
SUCCESS,1196,4,
SUCCESS,1196,9,
SUCCESS,1197,4,
SUCCESS,1198,4,
SUCCESS,1199,4,
SUCCESS,1200,4,
SUCCESS,1201,4,
SUCCESS,1202,4,
SUCCESS,1202,9,
SUCCESS,1203,4,
SUCCESS,1204,4,
SUCCESS,1205,4,
SUCCESS,1206,4,
SUCCESS,1207,4,
SUCCESS,1207,9,
SUCCESS,1208,4,
SUCCESS,1208,9,
SUCCESS,1209,4,
SUCCESS,1209,9,
SUCCESS,1210,4,
SUCCESS,1210,9,
SUCCESS,1211,4,
SUCCESS,1211,9,
SUCCESS,1212,4,
SUCCESS,1212,9,
SUCCESS,1213,4,
SUCCESS,1213,9,
SUCCESS,1214,4,
SUCCESS,1214,9,
SUCCESS,1215,4,
SUCCESS,1216,4,
SUCCESS,1216,9,
SUCCESS,1217,4,
SUCCESS,1218,4,
SUCCESS,1219,4,
SUCCESS,1220,4,
SUCCESS,1221,4,
SUCCESS,1222,4,
SUCCESS,1223,4,
SUCCESS,1224,4,
SUCCESS,1224,9,
SUCCESS,1225,4,
SUCCESS,1226,4,
SUCCESS,1226,9,
SUCCESS,1227,4,
SUCCESS,1227,9,
SUCCESS,1228,4,
SUCCESS,1228,9,
SUCCESS,1229,4,
SUCCESS,1229,9,
SUCCESS,1230,4,
SUCCESS,1230,9,
SUCCESS,1231,4,
SUCCESS,1231,9,
SUCCESS,1232,4,
SUCCESS,1232,9,
SUCCESS,1233,4,
SUCCESS,1233,9,
SUCCESS,1234,4,
SUCCESS,1235,4,
SUCCESS,1236,4,
SUCCESS,1237,4,
SUCCESS,1237,9,
SUCCESS,1238,4,
SUCCESS,1239,4,
SUCCESS,1240,4,
SUCCESS,1241,4,
SUCCESS,1241,9,
SUCCESS,1242,4,
SUCCESS,1243,4,
SUCCESS,1243,9,
SUCCESS,1244,4,
SUCCESS,1245,4,
SUCCESS,1245,9,
SUCCESS,1246,4,
SUCCESS,1246,9,
SUCCESS,1247,4,
SUCCESS,1247,9,
SUCCESS,1248,4,
SUCCESS,1248,9,
SUCCESS,1249,4,
SUCCESS,1249,9,
SUCCESS,1250,4,
SUCCESS,1250,9,
SUCCESS,1251,4,
SUCCESS,1251,9,
SUCCESS,1252,4,
SUCCESS,1252,9,
SUCCESS,1253,4,
SUCCESS,1253,9,
SUCCESS,1254,4,
SUCCESS,1255,4,
SUCCESS,1256,4,
SUCCESS,1257,4,
SUCCESS,1258,4,
SUCCESS,1259,4,
SUCCESS,1260,4,
SUCCESS,1261,4,
SUCCESS,1261,9,
SUCCESS,1262,4,
SUCCESS,1263,4,
SUCCESS,1263,9,
SUCCESS,1264,4,
SUCCESS,1264,9,
SUCCESS,1265,4,
SUCCESS,1265,9,
SUCCESS,1266,4,
SUCCESS,1266,9,
SUCCESS,1267,4,
SUCCESS,1267,9,
SUCCESS,1268,4,
SUCCESS,1268,9,
SUCCESS,1269,4,
SUCCESS,1270,4,
SUCCESS,1271,4,
SUCCESS,1271,9,
SUCCESS,1272,4,
SUCCESS,1273,4,
SUCCESS,1274,4,
SUCCESS,1274,9,
SUCCESS,1275,4,
SUCCESS,1276,4,
SUCCESS,1276,1,
SUCCESS,1277,4,
SUCCESS,1277,1,
SUCCESS,1278,4,
SUCCESS,1278,1,
SUCCESS,1279,4,
SUCCESS,1279,1,
SUCCESS,1280,4,
SUCCESS,1280,1,
SUCCESS,1281,4,
SUCCESS,1281,1,
SUCCESS,1282,4,
SUCCESS,1282,1,
SUCCESS,1283,4,
SUCCESS,1283,1,
SUCCESS,1284,4,
SUCCESS,1284,1,
SUCCESS,1285,4,
SUCCESS,1285,1,
SUCCESS,1286,4,
SUCCESS,1286,1,
SUCCESS,1287,4,
SUCCESS,1287,1,
SUCCESS,1288,4,
SUCCESS,1288,1,
SUCCESS,1289,4,
SUCCESS,1289,1,
SUCCESS,1290,4,
SUCCESS,1290,1,
SUCCESS,1291,4,
SUCCESS,1291,1,
SUCCESS,1292,4,
SUCCESS,1292,1,
SUCCESS,1293,4,
SUCCESS,1293,1,
SUCCESS,1294,4,
SUCCESS,1294,1,
SUCCESS,1295,4,
SUCCESS,1295,1,
SUCCESS,1296,4,
SUCCESS,1296,1,
SUCCESS,1297,4,
SUCCESS,1297,1,
SUCCESS,1298,4,
SUCCESS,1298,1,
SUCCESS,1299,4,
SUCCESS,1299,1,
SUCCESS,1300,4,
SUCCESS,1300,1,
SUCCESS,1301,4,
SUCCESS,1301,1,
SUCCESS,1302,4,
SUCCESS,1302,1,
SUCCESS,1303,4,
SUCCESS,1303,1,
SUCCESS,1304,4,
SUCCESS,1304,1,
SUCCESS,1305,4,
SUCCESS,1305,1,
SUCCESS,1306,4,
SUCCESS,1306,1,
SUCCESS,1307,4,
SUCCESS,1307,1,
SUCCESS,1308,4,
SUCCESS,1308,1,
SUCCESS,1309,4,
SUCCESS,1309,1,
SUCCESS,1310,4,
SUCCESS,1310,1,
SUCCESS,1311,4,
SUCCESS,1311,1,
SUCCESS,1312,4,
SUCCESS,1312,1,
SUCCESS,1313,4,
SUCCESS,1313,1,
SUCCESS,1314,4,
SUCCESS,1314,1,
SUCCESS,1315,4,
SUCCESS,1315,1,
SUCCESS,1316,4,
SUCCESS,1316,1,
SUCCESS,1317,4,
SUCCESS,1317,1,
SUCCESS,1318,4,
SUCCESS,1318,1,
SUCCESS,1319,4,
SUCCESS,1319,1,
SUCCESS,1320,4,
SUCCESS,1320,1,
SUCCESS,1321,4,
SUCCESS,1321,1,
SUCCESS,1322,4,
SUCCESS,1322,1,
SUCCESS,1323,4,
SUCCESS,1323,1,
SUCCESS,1324,4,
SUCCESS,1324,1,
SUCCESS,1325,4,
SUCCESS,1325,1,
SUCCESS,1326,4,
SUCCESS,1326,1,
SUCCESS,1327,4,
SUCCESS,1327,1,
SUCCESS,1328,4,
SUCCESS,1328,1,
SUCCESS,1329,4,
SUCCESS,1329,1,
SUCCESS,1330,4,
SUCCESS,1330,1,
SUCCESS,1331,4,
SUCCESS,1331,1,
SUCCESS,1332,4,
SUCCESS,1332,1,
SUCCESS,1333,4,
SUCCESS,1333,1,
SUCCESS,1334,4,
SUCCESS,1334,1,
SUCCESS,1335,4,
SUCCESS,1335,1,
SUCCESS,1336,4,
SUCCESS,1336,1,
SUCCESS,1337,4,
SUCCESS,1337,1,
SUCCESS,1338,4,
SUCCESS,1338,1,
SUCCESS,1339,4,
SUCCESS,1339,1,
SUCCESS,1340,4,
SUCCESS,1340,1,
SUCCESS,1341,4,
SUCCESS,1342,4,
SUCCESS,1342,9,
SUCCESS,1343,4,
SUCCESS,1343,9,
SUCCESS,1344,4,
SUCCESS,1344,9,
SUCCESS,1345,4,
SUCCESS,1345,9,
SUCCESS,1346,4,
SUCCESS,1346,9,
SUCCESS,1347,4,
SUCCESS,1347,9,
SUCCESS,1348,4,
SUCCESS,1348,9,
SUCCESS,1349,4,
SUCCESS,1350,4,
SUCCESS,1351,4,
SUCCESS,1351,9,
SUCCESS,1352,4,
SUCCESS,1352,9,
SUCCESS,1353,4,
SUCCESS,1353,9,
SUCCESS,1354,4,
SUCCESS,1354,9,
SUCCESS,1355,4,
SUCCESS,1356,4,
SUCCESS,1357,4,
SUCCESS,1358,4,
SUCCESS,1359,4,
SUCCESS,1360,4,
SUCCESS,1361,4,
SUCCESS,1362,4,
SUCCESS,1363,4,
SUCCESS,1364,4,
SUCCESS,1365,4,
SUCCESS,1366,4,
SUCCESS,1367,4,
SUCCESS,1368,4,
SUCCESS,1369,4,
SUCCESS,1370,4,
SUCCESS,1371,4,
SUCCESS,1371,1,
SUCCESS,1372,4,
SUCCESS,1372,1,
SUCCESS,1373,4,
SUCCESS,1373,9,
SUCCESS,1373,1,
SUCCESS,1374,4,
SUCCESS,1374,9,
SUCCESS,1374,1,
SUCCESS,1375,4,
SUCCESS,1375,9,
SUCCESS,1375,1,
SUCCESS,1376,4,
SUCCESS,1376,9,
SUCCESS,1376,1,
SUCCESS,1377,4,
SUCCESS,1377,9,
SUCCESS,1377,1,
SUCCESS,1378,4,
SUCCESS,1378,9,
SUCCESS,1378,1,
SUCCESS,1379,4,
SUCCESS,1379,9,
SUCCESS,1379,1,
SUCCESS,1380,4,
SUCCESS,1380,9,
SUCCESS,1380,1,
SUCCESS,1381,4,
SUCCESS,1381,9,
SUCCESS,1381,1,
SUCCESS,1382,4,
SUCCESS,1382,9,
SUCCESS,1382,1,
SUCCESS,1383,4,
SUCCESS,1383,1,
SUCCESS,1384,4,
SUCCESS,1384,1,
SUCCESS,1385,4,
SUCCESS,1385,1,
SUCCESS,1386,4,
SUCCESS,1386,1,
SUCCESS,1387,4,
SUCCESS,1387,1,
SUCCESS,1388,4,
SUCCESS,1388,1,
SUCCESS,1389,4,
SUCCESS,1389,1,
SUCCESS,1390,4,
SUCCESS,1390,1,
SUCCESS,1391,4,
SUCCESS,1391,1,
SUCCESS,1392,4,
SUCCESS,1392,9,
SUCCESS,1393,4,
SUCCESS,1394,4,
SUCCESS,1394,9,
SUCCESS,1395,4,
SUCCESS,1395,9,
SUCCESS,1396,4,
SUCCESS,1396,9,
SUCCESS,1397,4,
SUCCESS,1397,9,
SUCCESS,1398,4,
SUCCESS,1398,9,
SUCCESS,1399,4,
SUCCESS,1399,9,
SUCCESS,1400,4,
SUCCESS,1401,4,
SUCCESS,1402,4,
SUCCESS,1403,4,
SUCCESS,1404,4,
SUCCESS,1405,4,
SUCCESS,1406,4,
SUCCESS,1406,9,
SUCCESS,1407,4,
SUCCESS,1408,4,
SUCCESS,1409,4,
SUCCESS,1410,4,
SUCCESS,1411,4,
SUCCESS,1412,4,
SUCCESS,1413,4,
SUCCESS,1413,9,
SUCCESS,1414,4,
SUCCESS,1415,4,
SUCCESS,1415,9,
SUCCESS,1416,4,
SUCCESS,1417,4,
SUCCESS,1418,4,
SUCCESS,1418,9,
SUCCESS,1419,4,
SUCCESS,1419,9,
SUCCESS,1420,4,
SUCCESS,1420,9,
SUCCESS,1421,4,
SUCCESS,1421,9,
SUCCESS,1422,4,
SUCCESS,1422,9,
SUCCESS,1423,4,
SUCCESS,1423,9,
SUCCESS,1424,4,
SUCCESS,1425,4,
SUCCESS,1425,9,
SUCCESS,1426,4,
SUCCESS,1427,4,
SUCCESS,1428,4,
SUCCESS,1429,4,
SUCCESS,1430,4,
SUCCESS,1430,9,
SUCCESS,1431,4,
SUCCESS,1432,4,
SUCCESS,1432,9,
SUCCESS,1433,4,
SUCCESS,1433,9,
SUCCESS,1434,4,
SUCCESS,1434,9,
SUCCESS,1435,4,
SUCCESS,1435,9,
SUCCESS,1436,4,
SUCCESS,1436,9,
SUCCESS,1437,4,
SUCCESS,1437,9,
SUCCESS,1438,4,
SUCCESS,1438,9,
SUCCESS,1439,4,
SUCCESS,1440,4,
SUCCESS,1441,4,
SUCCESS,1442,4,
SUCCESS,1443,4,
SUCCESS,1443,9,
SUCCESS,1444,4,
SUCCESS,1445,4,
SUCCESS,1446,4,
SUCCESS,1447,4,
SUCCESS,1448,4,
SUCCESS,1449,4,
SUCCESS,1449,9,
SUCCESS,1450,4,
SUCCESS,1451,4,
SUCCESS,1451,9,
SUCCESS,1452,4,
SUCCESS,1452,9,
SUCCESS,1453,4,
SUCCESS,1453,9,
SUCCESS,1454,4,
SUCCESS,1454,9,
SUCCESS,1455,4,
SUCCESS,1455,9,
SUCCESS,1456,4,
SUCCESS,1456,9,
SUCCESS,1457,4,
SUCCESS,1457,9,
SUCCESS,1458,4,
SUCCESS,1458,9,
SUCCESS,1459,4,
SUCCESS,1459,9,
SUCCESS,1460,4,
SUCCESS,1460,9,
SUCCESS,1461,4,
SUCCESS,1461,9,
SUCCESS,1462,4,
SUCCESS,1463,4,
SUCCESS,1464,4,
SUCCESS,1465,4,
SUCCESS,1465,9,
SUCCESS,1466,4,
SUCCESS,1467,4,
SUCCESS,1467,9,
SUCCESS,1468,4,
SUCCESS,1469,4,
SUCCESS,1470,4,
SUCCESS,1470,9,
SUCCESS,1471,4,
SUCCESS,1471,9,
SUCCESS,1472,4,
SUCCESS,1472,9,
SUCCESS,1473,4,
SUCCESS,1473,9,
SUCCESS,1474,4,
SUCCESS,1474,9,
SUCCESS,1475,4,
SUCCESS,1475,9,
SUCCESS,1476,4,
SUCCESS,1476,9,
SUCCESS,1477,4,
SUCCESS,1478,4,
SUCCESS,1478,9,
SUCCESS,1479,4,
SUCCESS,1480,4,
SUCCESS,1481,4,
SUCCESS,1481,9,
SUCCESS,1482,4,
SUCCESS,1483,4,
SUCCESS,1483,9,
SUCCESS,1484,4,
SUCCESS,1485,4,
SUCCESS,1486,4,
SUCCESS,1486,9,
SUCCESS,1487,4,
SUCCESS,1487,9,
SUCCESS,1488,4,
SUCCESS,1488,9,
SUCCESS,1489,4,
SUCCESS,1489,9,
SUCCESS,1490,4,
SUCCESS,1490,9,
SUCCESS,1491,4,
SUCCESS,1491,9,
SUCCESS,1492,4,
SUCCESS,1492,9,
SUCCESS,1493,4,
SUCCESS,1493,9,
SUCCESS,1494,4,
SUCCESS,1494,9,
SUCCESS,1495,4,
SUCCESS,1496,4,
SUCCESS,1497,4,
SUCCESS,1498,4,
SUCCESS,1499,4,
SUCCESS,1500,4,
SUCCESS,1501,4,
SUCCESS,1502,4,
SUCCESS,1503,4,
SUCCESS,1504,4,
SUCCESS,1504,9,
SUCCESS,1505,4,
SUCCESS,1506,4,
SUCCESS,1506,9,
SUCCESS,1507,4,
SUCCESS,1508,4,
SUCCESS,1508,9,
SUCCESS,1509,4,
SUCCESS,1510,4,
SUCCESS,1511,4,
SUCCESS,1511,9,
SUCCESS,1512,4,
SUCCESS,1512,9,
SUCCESS,1513,4,
SUCCESS,1513,9,
SUCCESS,1514,4,
SUCCESS,1514,9,
SUCCESS,1515,4,
SUCCESS,1515,9,
SUCCESS,1516,4,
SUCCESS,1516,9,
SUCCESS,1517,4,
SUCCESS,1517,9,
SUCCESS,1518,4,
SUCCESS,1518,9,
SUCCESS,1519,4,
SUCCESS,1519,9,
SUCCESS,1520,4,
SUCCESS,1521,4,
SUCCESS,1521,9,
SUCCESS,1522,4,
SUCCESS,1523,4,
SUCCESS,1524,4,
SUCCESS,1525,4,
SUCCESS,1526,4,
SUCCESS,1526,9,
SUCCESS,1527,4,
SUCCESS,1528,4,
SUCCESS,1528,9,
SUCCESS,1529,4,
SUCCESS,1530,4,
SUCCESS,1530,9,
SUCCESS,1531,4,
SUCCESS,1531,9,
SUCCESS,1532,4,
SUCCESS,1532,9,
SUCCESS,1533,4,
SUCCESS,1533,9,
SUCCESS,1534,4,
SUCCESS,1534,9,
SUCCESS,1535,4,
SUCCESS,1535,9,
SUCCESS,1536,4,
SUCCESS,1536,9,
SUCCESS,1537,4,
SUCCESS,1537,9,
SUCCESS,1538,4,
SUCCESS,1539,4,
SUCCESS,1539,9,
SUCCESS,1540,4,
SUCCESS,1541,4,
SUCCESS,1541,9,
SUCCESS,1542,4,
SUCCESS,1542,9,
SUCCESS,1543,4,
SUCCESS,1544,4,
SUCCESS,1545,4,
SUCCESS,1546,4,
SUCCESS,1546,9,
SUCCESS,1547,4,
SUCCESS,1547,9,
SUCCESS,1548,4,
SUCCESS,1548,9,
SUCCESS,1549,4,
SUCCESS,1549,9,
SUCCESS,1550,4,
SUCCESS,1550,9,
SUCCESS,1551,4,
SUCCESS,1551,9,
SUCCESS,1552,4,
SUCCESS,1553,4,
SUCCESS,1554,4,
SUCCESS,1554,9,
SUCCESS,1555,4,
SUCCESS,1556,4,
SUCCESS,1557,4,
SUCCESS,1558,4,
SUCCESS,1559,4,
SUCCESS,1560,4,
SUCCESS,1561,4,
SUCCESS,1561,9,
SUCCESS,1562,4,
SUCCESS,1562,1,
SUCCESS,1563,4,
SUCCESS,1563,1,
SUCCESS,1564,4,
SUCCESS,1564,1,
SUCCESS,1565,4,
SUCCESS,1565,1,
SUCCESS,1566,4,
SUCCESS,1566,1,
SUCCESS,1567,4,
SUCCESS,1567,1,
SUCCESS,1568,4,
SUCCESS,1568,1,
SUCCESS,1569,4,
SUCCESS,1569,1,
SUCCESS,1570,4,
SUCCESS,1570,1,
SUCCESS,1571,4,
SUCCESS,1571,1,
SUCCESS,1572,4,
SUCCESS,1572,1,
SUCCESS,1573,4,
SUCCESS,1573,1,
SUCCESS,1574,4,
SUCCESS,1574,1,
SUCCESS,1575,4,
SUCCESS,1575,1,
SUCCESS,1576,4,
SUCCESS,1576,1,
SUCCESS,1577,4,
SUCCESS,1577,1,
SUCCESS,1578,4,
SUCCESS,1578,1,
SUCCESS,1579,4,
SUCCESS,1579,1,
SUCCESS,1580,4,
SUCCESS,1580,1,
SUCCESS,1581,4,
SUCCESS,1581,1,
SUCCESS,1582,4,
SUCCESS,1582,1,
SUCCESS,1583,4,
SUCCESS,1583,1,
SUCCESS,1584,4,
SUCCESS,1584,1,
SUCCESS,1585,4,
SUCCESS,1585,1,
SUCCESS,1586,4,
SUCCESS,1586,1,
SUCCESS,1587,4,
SUCCESS,1587,1,
SUCCESS,1588,4,
SUCCESS,1588,1,
SUCCESS,1589,4,
SUCCESS,1589,1,
SUCCESS,1590,4,
SUCCESS,1590,1,
SUCCESS,1591,4,
SUCCESS,1592,4,
SUCCESS,1593,4,
SUCCESS,1593,9,
SUCCESS,1594,4,
SUCCESS,1594,9,
SUCCESS,1595,4,
SUCCESS,1595,9,
SUCCESS,1596,4,
SUCCESS,1596,9,
SUCCESS,1597,4,
SUCCESS,1597,9,
SUCCESS,1598,4,
SUCCESS,1598,9,
SUCCESS,1599,4,
SUCCESS,1599,9,
SUCCESS,1600,4,
SUCCESS,1600,9,
SUCCESS,1601,4,
SUCCESS,1601,9,
SUCCESS,1602,4,
SUCCESS,1602,9,
SUCCESS,1603,4,
SUCCESS,1603,9,
SUCCESS,1604,4,
SUCCESS,1605,4,
SUCCESS,1605,9,
SUCCESS,1606,4,
SUCCESS,1607,4,
SUCCESS,1608,4,
SUCCESS,1609,4,
SUCCESS,1610,4,
SUCCESS,1611,4,
SUCCESS,1612,4,
SUCCESS,1612,9,
SUCCESS,1613,4,
SUCCESS,1614,4,
SUCCESS,1615,4,
SUCCESS,1615,9,
SUCCESS,1615,1,
SUCCESS,1616,4,
SUCCESS,1616,9,
SUCCESS,1616,1,
SUCCESS,1617,4,
SUCCESS,1617,1,
SUCCESS,1618,4,
SUCCESS,1618,1,
SUCCESS,1619,4,
SUCCESS,1619,1,
SUCCESS,1620,4,
SUCCESS,1620,1,
SUCCESS,1621,4,
SUCCESS,1622,4,
SUCCESS,1623,4,
SUCCESS,1623,9,
SUCCESS,1624,4,
SUCCESS,1624,9,
SUCCESS,1625,4,
SUCCESS,1625,9,
SUCCESS,1626,4,
SUCCESS,1626,9,
SUCCESS,1627,4,
SUCCESS,1627,9,
SUCCESS,1628,4,
SUCCESS,1628,9,
SUCCESS,1629,4,
SUCCESS,1629,9,
SUCCESS,1630,4,
SUCCESS,1630,9,
SUCCESS,1631,4,
SUCCESS,1631,9,
SUCCESS,1632,4,
SUCCESS,1632,9,
SUCCESS,1633,4,
SUCCESS,1634,4,
SUCCESS,1635,4,
SUCCESS,1636,4,
SUCCESS,1637,4,
SUCCESS,1638,4,
SUCCESS,1639,4,
SUCCESS,1639,9,
SUCCESS,1640,4,
SUCCESS,1641,4,
SUCCESS,1642,4,
SUCCESS,1643,4,
SUCCESS,1643,9,
SUCCESS,1644,4,
SUCCESS,1645,4,
SUCCESS,1646,4,
SUCCESS,1646,9,
SUCCESS,1647,4,
SUCCESS,1648,4,
SUCCESS,1648,9,
SUCCESS,1649,4,
SUCCESS,1649,9,
SUCCESS,1650,4,
SUCCESS,1651,4,
SUCCESS,1651,9,
SUCCESS,1652,4,
SUCCESS,1653,4,
SUCCESS,1654,4,
SUCCESS,1654,9,
SUCCESS,1655,4,
SUCCESS,1656,4,
SUCCESS,1657,4,
SUCCESS,1657,9,
SUCCESS,1658,4,
SUCCESS,1659,4,
SUCCESS,1659,9,
SUCCESS,1660,4,
SUCCESS,1660,9,
SUCCESS,1661,4,
SUCCESS,1661,9,
SUCCESS,1662,4,
SUCCESS,1662,9,
SUCCESS,1663,4,
SUCCESS,1663,9,
SUCCESS,1664,4,
SUCCESS,1664,9,
SUCCESS,1665,4,
SUCCESS,1665,9,
SUCCESS,1666,4,
SUCCESS,1667,4,
SUCCESS,1668,4,
SUCCESS,1668,9,
SUCCESS,1669,4,
SUCCESS,1670,4,
SUCCESS,1671,4,
SUCCESS,1672,4,
SUCCESS,1673,4,
SUCCESS,1674,4,
SUCCESS,1674,9,
SUCCESS,1675,4,
SUCCESS,1676,4,
SUCCESS,1677,4,
SUCCESS,1677,9,
SUCCESS,1678,4,
SUCCESS,1678,9,
SUCCESS,1679,4,
SUCCESS,1679,9,
SUCCESS,1680,4,
SUCCESS,1680,9,
SUCCESS,1681,4,
SUCCESS,1681,9,
SUCCESS,1682,4,
SUCCESS,1682,9,
SUCCESS,1683,4,
SUCCESS,1683,9,
SUCCESS,1684,4,
SUCCESS,1684,9,
SUCCESS,1685,4,
SUCCESS,1686,4,
SUCCESS,1687,4,
SUCCESS,1688,4,
SUCCESS,1688,9,
SUCCESS,1689,4,
SUCCESS,1690,4,
SUCCESS,1691,4,
SUCCESS,1692,4,
SUCCESS,1692,9,
SUCCESS,1693,4,
SUCCESS,1694,4,
SUCCESS,1695,4,
SUCCESS,1695,9,
SUCCESS,1696,4,
SUCCESS,1696,9,
SUCCESS,1697,4,
SUCCESS,1697,9,
SUCCESS,1698,4,
SUCCESS,1699,4,
SUCCESS,1699,9,
SUCCESS,1700,4,
SUCCESS,1701,4,
SUCCESS,1702,4,
SUCCESS,1703,4,
SUCCESS,1704,4,
SUCCESS,1705,4,
SUCCESS,1705,9,
SUCCESS,1706,4,
SUCCESS,1707,4,
SUCCESS,1708,4,
SUCCESS,1709,4,
SUCCESS,1709,6,
SUCCESS,1709,7,
SUCCESS,1709,9,
SUCCESS,1710,4,
SUCCESS,1711,4,
SUCCESS,1712,4,
SUCCESS,1712,9,
SUCCESS,1713,4,
SUCCESS,1714,4,
SUCCESS,1714,9,
SUCCESS,1715,4,
SUCCESS,1715,9,
SUCCESS,1716,4,
SUCCESS,1716,9,
SUCCESS,1717,4,
SUCCESS,1717,9,
SUCCESS,1718,4,
SUCCESS,1718,9,
SUCCESS,1719,4,
SUCCESS,1719,9,
SUCCESS,1720,4,
SUCCESS,1721,4,
SUCCESS,1722,4,
SUCCESS,1723,4,
SUCCESS,1724,4,
SUCCESS,1724,9,
SUCCESS,1725,4,
SUCCESS,1726,4,
SUCCESS,1727,4,
SUCCESS,1728,4,
SUCCESS,1728,9,
SUCCESS,1729,4,
SUCCESS,1730,4,
SUCCESS,1731,4,
SUCCESS,1731,9,
SUCCESS,1732,4,
SUCCESS,1733,4,
SUCCESS,1734,4,
SUCCESS,1734,9,
SUCCESS,1735,4,
SUCCESS,1736,4,
SUCCESS,1737,4,
SUCCESS,1738,4,
SUCCESS,1739,4,
SUCCESS,1740,4,
SUCCESS,1741,4,
SUCCESS,1742,4,
SUCCESS,1743,4,
SUCCESS,1744,4,
SUCCESS,1745,4,
SUCCESS,1746,4,
SUCCESS,1747,4,
SUCCESS,1748,4,
SUCCESS,1749,4,
SUCCESS,1749,9,
SUCCESS,1750,4,
SUCCESS,1750,9,
SUCCESS,1751,4,
SUCCESS,1751,9,
SUCCESS,1752,4,
SUCCESS,1752,9,
SUCCESS,1753,4,
SUCCESS,1753,9,
SUCCESS,1754,4,
SUCCESS,1755,4,
SUCCESS,1755,9,
SUCCESS,1756,4,
SUCCESS,1757,4,
SUCCESS,1758,4,
SUCCESS,1759,4,
SUCCESS,1760,4,
SUCCESS,1761,4,
SUCCESS,1762,4,
SUCCESS,1763,4,
SUCCESS,1764,4,
SUCCESS,1765,4,
SUCCESS,1766,4,
SUCCESS,1767,4,
SUCCESS,1768,4,
SUCCESS,1769,4,
SUCCESS,1770,4,
SUCCESS,1771,4,
SUCCESS,1772,4,
SUCCESS,1773,4,
SUCCESS,1773,9,
SUCCESS,1774,4,
SUCCESS,1774,9,
SUCCESS,1775,4,
SUCCESS,1775,9,
SUCCESS,1776,4,
SUCCESS,1776,9,
SUCCESS,1777,4,
SUCCESS,1777,9,
SUCCESS,1778,4,
SUCCESS,1778,9,
SUCCESS,1779,4,
SUCCESS,1779,9,
SUCCESS,1780,4,
SUCCESS,1780,9,
SUCCESS,1781,4,
SUCCESS,1782,4,
SUCCESS,1783,4,
SUCCESS,1784,4,
SUCCESS,1785,4,
SUCCESS,1786,4,
SUCCESS,1787,4,
SUCCESS,1787,9,
SUCCESS,1788,4,
SUCCESS,1789,4,
SUCCESS,1790,4,
SUCCESS,1791,4,
SUCCESS,1792,4,
SUCCESS,1793,4,
SUCCESS,1794,4,
SUCCESS,1795,4,
SUCCESS,1796,4,
SUCCESS,1797,4,
SUCCESS,1797,9,
SUCCESS,1798,4,
SUCCESS,1799,4,
SUCCESS,1799,1,
SUCCESS,1800,4,
SUCCESS,1800,1,
SUCCESS,1801,4,
SUCCESS,1801,1,
SUCCESS,1802,4,
SUCCESS,1802,1,
SUCCESS,1803,4,
SUCCESS,1803,1,
SUCCESS,1804,4,
SUCCESS,1804,1,
SUCCESS,1805,4,
SUCCESS,1806,4,
SUCCESS,1807,4,
SUCCESS,1808,4,
SUCCESS,1808,9,
SUCCESS,1809,4,
SUCCESS,1809,9,
SUCCESS,1810,4,
SUCCESS,1810,9,
SUCCESS,1811,4,
SUCCESS,1811,9,
SUCCESS,1812,4,
SUCCESS,1813,4,
SUCCESS,1814,4,
SUCCESS,1815,4,
SUCCESS,1816,4,
SUCCESS,1816,9,
SUCCESS,1817,4,
SUCCESS,1818,4,
SUCCESS,1819,4,
SUCCESS,1820,4,
SUCCESS,1821,4,
SUCCESS,1822,4,
SUCCESS,1823,4,
SUCCESS,1824,4,
SUCCESS,1824,1,
SUCCESS,1825,4,
SUCCESS,1825,9,
SUCCESS,1825,1,
SUCCESS,1826,4,
SUCCESS,1826,9,
SUCCESS,1826,1,
SUCCESS,1827,4,
SUCCESS,1827,9,
SUCCESS,1827,1,
SUCCESS,1828,4,
SUCCESS,1828,1,
SUCCESS,1829,4,
SUCCESS,1829,1,
SUCCESS,1830,4,
SUCCESS,1831,4,
SUCCESS,1832,4,
SUCCESS,1832,9,
SUCCESS,1833,4,
SUCCESS,1833,9,
SUCCESS,1834,4,
SUCCESS,1834,9,
SUCCESS,1835,4,
SUCCESS,1835,9,
SUCCESS,1836,4,
SUCCESS,1836,9,
SUCCESS,1837,4,
SUCCESS,1837,9,
SUCCESS,1838,4,
SUCCESS,1839,4,
SUCCESS,1840,4,
SUCCESS,1841,4,
SUCCESS,1842,4,
SUCCESS,1843,4,
SUCCESS,1844,4,
SUCCESS,1845,4,
SUCCESS,1846,4,
SUCCESS,1847,4,
SUCCESS,1848,4,
SUCCESS,1849,4,
SUCCESS,1850,4,
SUCCESS,1851,4,
SUCCESS,1852,4,
SUCCESS,1853,4,
SUCCESS,1854,4,
SUCCESS,1855,4,
SUCCESS,1856,4,
SUCCESS,1857,4,
SUCCESS,1857,9,
SUCCESS,1858,4,
SUCCESS,1858,9,
SUCCESS,1859,4,
SUCCESS,1860,4,
SUCCESS,1861,4,
SUCCESS,1862,4,
SUCCESS,1863,4,
SUCCESS,1864,4,
SUCCESS,1865,4,
SUCCESS,1865,9,
SUCCESS,1866,4,
SUCCESS,1867,4,
SUCCESS,1868,4,
SUCCESS,1868,9,
SUCCESS,1869,4,
SUCCESS,1869,9,
SUCCESS,1870,4,
SUCCESS,1870,9,
SUCCESS,1871,4,
SUCCESS,1871,9,
SUCCESS,1872,4,
SUCCESS,1873,4,
SUCCESS,1874,4,
SUCCESS,1875,4,
SUCCESS,1876,4,
SUCCESS,1877,4,
SUCCESS,1878,4,
SUCCESS,1879,4,
SUCCESS,1880,4,
SUCCESS,1881,4,
SUCCESS,1882,4,
SUCCESS,1882,9,
SUCCESS,1883,4,
SUCCESS,1884,4,
SUCCESS,1885,4,
SUCCESS,1886,4,
SUCCESS,1887,4,
SUCCESS,1888,4,
SUCCESS,1889,4,
SUCCESS,1890,4,
SUCCESS,1891,4,
SUCCESS,1891,9,
SUCCESS,1892,4,
SUCCESS,1892,9,
SUCCESS,1893,4,
SUCCESS,1894,4,
SUCCESS,1895,4,
SUCCESS,1896,4,
SUCCESS,1897,4,
SUCCESS,1898,4,
SUCCESS,1899,4,
SUCCESS,1900,4,
SUCCESS,1900,9,
SUCCESS,1901,4,
SUCCESS,1901,9,
SUCCESS,1902,4,
SUCCESS,1902,9,
SUCCESS,1903,4,
SUCCESS,1903,9,
SUCCESS,1904,4,
SUCCESS,1904,9,
SUCCESS,1905,4,
SUCCESS,1905,9,
SUCCESS,1906,4,
SUCCESS,1907,4,
SUCCESS,1908,4,
SUCCESS,1909,4,
SUCCESS,1909,9,
SUCCESS,1910,4,
SUCCESS,1911,4,
SUCCESS,1912,4,
SUCCESS,1913,4,
SUCCESS,1914,4,
SUCCESS,1915,4,
SUCCESS,1916,4,
SUCCESS,1917,4,
SUCCESS,1918,4,
SUCCESS,1918,9,
SUCCESS,1919,4,
SUCCESS,1920,4,
SUCCESS,1921,4,
SUCCESS,1922,4,
SUCCESS,1923,4,
SUCCESS,1924,4,
SUCCESS,1925,4,
SUCCESS,1926,4,
SUCCESS,1927,4,
SUCCESS,1927,9,
SUCCESS,1928,4,
SUCCESS,1928,9,
SUCCESS,1929,4,
SUCCESS,1929,9,
SUCCESS,1930,4,
SUCCESS,1930,9,
SUCCESS,1931,4,
SUCCESS,1931,9,
SUCCESS,1932,4,
SUCCESS,1932,9,
SUCCESS,1933,4,
SUCCESS,1934,4,
SUCCESS,1935,4,
SUCCESS,1936,4,
SUCCESS,1937,4,
SUCCESS,1938,4,
SUCCESS,1939,4,
SUCCESS,1939,9,
SUCCESS,1940,4,
SUCCESS,1940,9,
SUCCESS,1941,4,
SUCCESS,1942,4,
SUCCESS,1943,4,
SUCCESS,1944,4,
SUCCESS,1945,4,
SUCCESS,1946,4,
SUCCESS,1947,4,
SUCCESS,1948,4,
SUCCESS,1949,4,
SUCCESS,1950,4,
SUCCESS,1951,4,
SUCCESS,1952,4,
SUCCESS,1953,4,
SUCCESS,1954,4,
SUCCESS,1955,4,
SUCCESS,1955,9,
SUCCESS,1956,4,
SUCCESS,1956,9,
SUCCESS,1957,4,
SUCCESS,1957,9,
SUCCESS,1958,4,
SUCCESS,1959,4,
SUCCESS,1960,4,
SUCCESS,1961,4,
SUCCESS,1961,9,
SUCCESS,1962,4,
SUCCESS,1963,4,
SUCCESS,1964,4,
SUCCESS,1965,4,
SUCCESS,1966,4,
SUCCESS,1967,4,
SUCCESS,1968,4,
SUCCESS,1969,4,
SUCCESS,1969,9,
SUCCESS,1970,4,
SUCCESS,1970,9,
SUCCESS,1971,4,
SUCCESS,1971,9,
SUCCESS,1972,4,
SUCCESS,1972,9,
SUCCESS,1973,4,
SUCCESS,1974,4,
SUCCESS,1975,4,
SUCCESS,1976,4,
SUCCESS,1977,4,
SUCCESS,1978,4,
SUCCESS,1979,4,
SUCCESS,1980,4,
SUCCESS,1981,4,
SUCCESS,1982,4,
SUCCESS,1983,4,
SUCCESS,1984,4,
SUCCESS,1985,4,
SUCCESS,1986,4,
SUCCESS,1987,4,
SUCCESS,1987,9,
SUCCESS,1988,4,
SUCCESS,1989,4,
SUCCESS,1990,4,
SUCCESS,1991,4,
SUCCESS,1992,4,
SUCCESS,1993,4,
SUCCESS,1994,4,
SUCCESS,1995,4,
SUCCESS,1995,9,
SUCCESS,1996,4,
SUCCESS,1996,9,
SUCCESS,1997,4,
SUCCESS,1998,4,
SUCCESS,1999,4,
SUCCESS,2000,4,
SUCCESS,2001,4,
SUCCESS,2002,4,
SUCCESS,2003,4,
SUCCESS,2004,4,
SUCCESS,2005,4,
SUCCESS,2006,4,
SUCCESS,2006,9,
SUCCESS,2007,4,
SUCCESS,2007,9,
SUCCESS,2008,4,
SUCCESS,2008,9,
SUCCESS,2009,4,
SUCCESS,2009,9,
SUCCESS,2010,4,
SUCCESS,2010,9,
SUCCESS,2011,4,
SUCCESS,2012,4,
SUCCESS,2013,4,
SUCCESS,2014,4,
SUCCESS,2014,1,
SUCCESS,2015,4,
SUCCESS,2016,4,
SUCCESS,2017,4,
SUCCESS,2018,4,
SUCCESS,2019,4,
SUCCESS,2019,1,
SUCCESS,2020,4,
SUCCESS,2021,4,
SUCCESS,2022,4,
SUCCESS,2022,9,
SUCCESS,2023,4,
SUCCESS,2023,9,
SUCCESS,2024,4,
SUCCESS,2024,9,
SUCCESS,2025,4,
SUCCESS,2026,4,
SUCCESS,2026,1,
SUCCESS,2027,4,
SUCCESS,2027,1,
SUCCESS,2028,4,
SUCCESS,2029,4,
SUCCESS,2030,4,
SUCCESS,2031,4,
SUCCESS,2032,4,
SUCCESS,2033,4,
ACTIVITY,,,Done
